FOUND 11 → Mezzo Market
FOUND 12 → McHale's Pub
FOUND 10 → Church's Chicken
FOUND 10 → Church's Chicken
FOUND 12 → Jack in the Box
FOUND 13 → (Unnamed)
FOUND 12 → Jack in the Box
FOUND 18 → Mac's Speed Shop
FOUND 13 → (Unnamed)
FOUND 25 → Popeyes
FOUND 13 → (Unnamed)
FOUND 10 → Church's Chicken
FOUND 12 → Jack in the Box
FOUND 15 → Brixx Wood Fired Pizza
FOUND 15 → Brixx Wood Fired Pizza
FOUND 13 → (Unnamed)
FOUND 13 → (Unnamed)
FOUND 11 → Midnight Diner
FOUND 11 → Canal Coffee Company
FOUND 11 → Alexander Michael's
FOUND 10 → Einstein Bros. Bagels
FOUND 10 → Moe's Southwest Grill
FOUND 10 → Veltree Vegan Restaurant
FOUND 14 → Jamba
FOUND 10 → Zapata's Cantina Mexican Restaurant
FOUND 10 → Einstein Bros. Bagels
FOUND 10 → Passage to India Indian Cuisine
FOUND 25 → Popeyes
FOUND 25 → Popeyes
FOUND 14 → Julia's Café & Books
FOUND 25 → Krispy Kreme
FOUND 10 → Dave's Hot Chicken
FOUND 10 → The Salty Donut
FOUND 12 → The Kilted Buffalo
FOUND 13 → (Unnamed)
FOUND 11 → Cakeable Cafe
FOUND 11 → Paco's Tacos & Tequila
FOUND 10 → Salata Salad Kitchen
FOUND 14 → Ilios Crafted Greek
FOUND 14 → Ilios Crafted Greek
FOUND 10 → Cowbell Burger & Whiskey Bar
