FOUND 29 → Mezzo Market (https://mezzomarketclt.com/menu)
FOUND 29 → Mezzo Market (https://mezzomarketclt.com/menu/)
NONE → Mezzo Market (https://mezzomarketclt.com/menus)
NONE → Mezzo Market (https://mezzomarketclt.com/food)
NONE → Mezzo Market (https://mezzomarketclt.com/drinks)
NONE → Mezzo Market (https://mezzomarketclt.com/specials)
NONE → Mezzo Market (https://mezzomarketclt.com/deals)
NONE → Mezzo Market (https://mezzomarketclt.com/happy-hour)
NONE → Mezzo Market (https://mezzomarketclt.com/happyhour)
NONE → Mezzo Market (https://mezzomarketclt.com/events)
NONE → Mezzo Market (https://mezzomarketclt.com/calendar)
NONE → McHale's Pub (https://mchalespubnoda.com/food-menu)
NONE → McHale's Pub (https://mchalespubnoda.com/drink-menu)
NONE → McHale's Pub (https://mchalespubnoda.com/events)
NONE → McHale's Pub (https://mchalespubnoda.com/menu)
NONE → McHale's Pub (https://mchalespubnoda.com/menus)
NONE → McHale's Pub (https://mchalespubnoda.com/food)
NONE → McHale's Pub (https://mchalespubnoda.com/drinks)
FOUND 8 → McHale's Pub (https://mchalespubnoda.com/specials)
NONE → McHale's Pub (https://mchalespubnoda.com/deals)
NONE → McHale's Pub (https://mchalespubnoda.com/happy-hour)
NONE → McHale's Pub (https://mchalespubnoda.com/happyhour)
NONE → McHale's Pub (https://mchalespubnoda.com/calendar)
NONE → Church's Chicken (https://locations.churchs.com/menu)
NONE → Church's Chicken (https://locations.churchs.com/menus)
NONE → Church's Chicken (https://locations.churchs.com/food)
NONE → Church's Chicken (https://locations.churchs.com/drinks)
NONE → Church's Chicken (https://locations.churchs.com/specials)
NONE → Church's Chicken (https://locations.churchs.com/deals)
NONE → Church's Chicken (https://locations.churchs.com/happy-hour)
NONE → Church's Chicken (https://locations.churchs.com/happyhour)
NONE → Church's Chicken (https://locations.churchs.com/events)
NONE → Church's Chicken (https://locations.churchs.com/calendar)
NONE → Church's Chicken (https://locations.churchs.com/menu)
NONE → Church's Chicken (https://locations.churchs.com/menus)
NONE → Church's Chicken (https://locations.churchs.com/food)
NONE → Church's Chicken (https://locations.churchs.com/drinks)
NONE → Church's Chicken (https://locations.churchs.com/specials)
NONE → Church's Chicken (https://locations.churchs.com/deals)
NONE → Church's Chicken (https://locations.churchs.com/happy-hour)
NONE → Church's Chicken (https://locations.churchs.com/happyhour)
NONE → Church's Chicken (https://locations.churchs.com/events)
NONE → Church's Chicken (https://locations.churchs.com/calendar)
FOUND 57 → Jack in the Box (https://locations.jackinthebox.com/us/az/phoenix/2113-w-happy-valley-rd)
FOUND 57 → Jack in the Box (https://locations.jackinthebox.com/us/az/peoria/9841-w-happy-valley-rd)
NONE → Jack in the Box (https://locations.jackinthebox.com/menu)
NONE → Jack in the Box (https://locations.jackinthebox.com/menus)
NONE → Jack in the Box (https://locations.jackinthebox.com/food)
NONE → Jack in the Box (https://locations.jackinthebox.com/drinks)
NONE → Jack in the Box (https://locations.jackinthebox.com/specials)
NONE → Jack in the Box (https://locations.jackinthebox.com/deals)
NONE → Jack in the Box (https://locations.jackinthebox.com/happy-hour)
NONE → Jack in the Box (https://locations.jackinthebox.com/happyhour)
NONE → Jack in the Box (https://locations.jackinthebox.com/events)
NONE → Jack in the Box (https://locations.jackinthebox.com/calendar)
FOUND 17 → (Unnamed) (https://www.phatburrito.com/charlotte-southend-phat-burrito-food-menu)
FOUND 10 → (Unnamed) (https://www.phatburrito.com/charlotte-southend-phat-burrito-drink-menu)
FOUND 40 → (Unnamed) (https://www.phatburrito.com/charlotte-southend-phat-burrito-happy-hours-specials)
NONE → (Unnamed) (https://www.phatburrito.com/menu)
NONE → (Unnamed) (https://www.phatburrito.com/menus)
NONE → (Unnamed) (https://www.phatburrito.com/food)
NONE → (Unnamed) (https://www.phatburrito.com/drinks)
NONE → (Unnamed) (https://www.phatburrito.com/specials)
NONE → (Unnamed) (https://www.phatburrito.com/deals)
NONE → (Unnamed) (https://www.phatburrito.com/happy-hour)
NONE → (Unnamed) (https://www.phatburrito.com/happyhour)
NONE → (Unnamed) (https://www.phatburrito.com/events)
NONE → (Unnamed) (https://www.phatburrito.com/calendar)
FOUND 57 → Jack in the Box (https://locations.jackinthebox.com/us/az/phoenix/2113-w-happy-valley-rd)
FOUND 57 → Jack in the Box (https://locations.jackinthebox.com/us/az/peoria/9841-w-happy-valley-rd)
NONE → Jack in the Box (https://locations.jackinthebox.com/menu)
NONE → Jack in the Box (https://locations.jackinthebox.com/menus)
NONE → Jack in the Box (https://locations.jackinthebox.com/food)
NONE → Jack in the Box (https://locations.jackinthebox.com/drinks)
NONE → Jack in the Box (https://locations.jackinthebox.com/specials)
NONE → Jack in the Box (https://locations.jackinthebox.com/deals)
NONE → Jack in the Box (https://locations.jackinthebox.com/happy-hour)
NONE → Jack in the Box (https://locations.jackinthebox.com/happyhour)
NONE → Jack in the Box (https://locations.jackinthebox.com/events)
NONE → Jack in the Box (https://locations.jackinthebox.com/calendar)
NONE → Mac's Speed Shop (https://macspeedshop.com/menus/)
FOUND 6 → Mac's Speed Shop (https://macspeedshop.com/menus/lunch-specials/)
NONE → Mac's Speed Shop (https://macspeedshop.com/menus)
FOUND 76 → Mac's Speed Shop (https://macspeedshop.com/events)
FOUND 76 → Mac's Speed Shop (https://macspeedshop.com/events-calendar)
NONE → Mac's Speed Shop (https://macspeedshop.com/tribe_events-sitemap.xml)
NONE → Mac's Speed Shop (https://macspeedshop.com/tribe_events-sitemap2.xml)
NONE → Mac's Speed Shop (https://macspeedshop.com/menus-sitemap.xml)
NONE → Mac's Speed Shop (https://macspeedshop.com/tribe_events_cat-sitemap.xml)
NONE → Mac's Speed Shop (https://macspeedshop.com/tec_recurring_events-sitemap.xml)
NONE → Mac's Speed Shop (https://macspeedshop.com/menu)
FOUND 8 → Mac's Speed Shop (https://macspeedshop.com/food)
FOUND 9 → Mac's Speed Shop (https://macspeedshop.com/drinks)
NONE → Mac's Speed Shop (https://macspeedshop.com/specials)
NONE → Mac's Speed Shop (https://macspeedshop.com/deals)
NONE → Mac's Speed Shop (https://macspeedshop.com/happy-hour)
NONE → Mac's Speed Shop (https://macspeedshop.com/happyhour)
NONE → Mac's Speed Shop (https://macspeedshop.com/calendar)
FOUND 17 → (Unnamed) (https://www.phatburrito.com/charlotte-southend-phat-burrito-food-menu)
FOUND 10 → (Unnamed) (https://www.phatburrito.com/charlotte-southend-phat-burrito-drink-menu)
FOUND 40 → (Unnamed) (https://www.phatburrito.com/charlotte-southend-phat-burrito-happy-hours-specials)
NONE → (Unnamed) (https://www.phatburrito.com/menu)
NONE → (Unnamed) (https://www.phatburrito.com/menus)
NONE → (Unnamed) (https://www.phatburrito.com/food)
NONE → (Unnamed) (https://www.phatburrito.com/drinks)
NONE → (Unnamed) (https://www.phatburrito.com/specials)
NONE → (Unnamed) (https://www.phatburrito.com/deals)
NONE → (Unnamed) (https://www.phatburrito.com/happy-hour)
NONE → (Unnamed) (https://www.phatburrito.com/happyhour)
NONE → (Unnamed) (https://www.phatburrito.com/events)
NONE → (Unnamed) (https://www.phatburrito.com/calendar)
NONE → Popeyes (https://www.popeyes.com/menu)
NONE → Popeyes (https://www.popeyes.com/food-love-grant-guidelines/)
NONE → Popeyes (https://www.popeyes.com/explore-menu/)
NONE → Popeyes (https://www.popeyes.com/food-love-grant-agreement/)
NONE → Popeyes (https://www.popeyes.com/menu/bundle/642b26dd-da15-4563-9329-d50367b729e4)
NONE → Popeyes (https://www.popeyes.com/menu/section/c17aefeb-aabe-4c21-ae57-137eb724f565)
NONE → Popeyes (https://www.popeyes.com/menu/picker/7a3d7fdf-a66c-45fe-bb2d-e45737988d83)
NONE → Popeyes (https://www.popeyes.com/menu/combo/57219f34-2691-453e-906f-53e881924c77)
NONE → Popeyes (https://www.popeyes.com/menu/combo/2f1f9953-0756-4d7d-8f47-37f788028c6f)
NONE → Popeyes (https://www.popeyes.com/menu/combo/3036ed06-469c-4b82-85bb-20d44f06eb98)
NONE → Popeyes (https://www.popeyes.com/menu/picker/136213f1-ec97-4ded-889e-39a7a558b84a)
NONE → Popeyes (https://www.popeyes.com/menu/picker/0625d327-777c-4a2f-a1bf-1f1ed1cd219a)
NONE → Popeyes (https://www.popeyes.com/menu/picker/75cbe657-1026-4cbe-bb92-630025c905ed)
NONE → Popeyes (https://www.popeyes.com/menu/section/24bdaf57-8549-43ec-8cb1-266e8beaf339)
NONE → Popeyes (https://www.popeyes.com/menu/section/ebd65079-fd8a-4a26-ab51-c2e12e3061e6)
NONE → Popeyes (https://www.popeyes.com/menu/picker/b407d81f-bdd2-4f32-88df-c07dcd54ba85)
NONE → Popeyes (https://www.popeyes.com/menu/picker/be1d5331-2729-4577-b5aa-42c76d3ac239)
NONE → Popeyes (https://www.popeyes.com/menu/picker/1cbe84ab-ca66-48df-876f-4f5ab1880b11)
NONE → Popeyes (https://www.popeyes.com/menu/picker/86042e14-5061-4be2-921a-8f84ca4c60c8)
NONE → Popeyes (https://www.popeyes.com/menu/section/a6651b60-bcb0-4ffc-b758-cde420351464)
NONE → Popeyes (https://www.popeyes.com/menu/picker/1d860da2-1a01-4dba-aa15-e07a3380aa13)
NONE → Popeyes (https://www.popeyes.com/menu/picker/a394b345-be8c-46ef-b4ed-783e6104f9bd)
NONE → Popeyes (https://www.popeyes.com/menu/picker/06e36ec2-81da-461c-b5fd-1ef8ebe02a13)
NONE → Popeyes (https://www.popeyes.com/menu/picker/94ccc5a9-29b1-43c3-adc7-3b21515ab0d5)
NONE → Popeyes (https://www.popeyes.com/menu/section/336fecf6-08d0-49bd-8667-49b87b2bf4d3)
FOUND 17 → (Unnamed) (https://www.phatburrito.com/charlotte-southend-phat-burrito-food-menu)
FOUND 10 → (Unnamed) (https://www.phatburrito.com/charlotte-southend-phat-burrito-drink-menu)
FOUND 40 → (Unnamed) (https://www.phatburrito.com/charlotte-southend-phat-burrito-happy-hours-specials)
NONE → (Unnamed) (https://www.phatburrito.com/menu)
NONE → (Unnamed) (https://www.phatburrito.com/menus)
NONE → (Unnamed) (https://www.phatburrito.com/food)
NONE → (Unnamed) (https://www.phatburrito.com/drinks)
NONE → (Unnamed) (https://www.phatburrito.com/specials)
NONE → (Unnamed) (https://www.phatburrito.com/deals)
NONE → (Unnamed) (https://www.phatburrito.com/happy-hour)
NONE → (Unnamed) (https://www.phatburrito.com/happyhour)
NONE → (Unnamed) (https://www.phatburrito.com/events)
NONE → (Unnamed) (https://www.phatburrito.com/calendar)
NONE → Church's Chicken (https://locations.churchs.com/menu)
NONE → Church's Chicken (https://locations.churchs.com/menus)
NONE → Church's Chicken (https://locations.churchs.com/food)
NONE → Church's Chicken (https://locations.churchs.com/drinks)
NONE → Church's Chicken (https://locations.churchs.com/specials)
NONE → Church's Chicken (https://locations.churchs.com/deals)
NONE → Church's Chicken (https://locations.churchs.com/happy-hour)
NONE → Church's Chicken (https://locations.churchs.com/happyhour)
NONE → Church's Chicken (https://locations.churchs.com/events)
NONE → Church's Chicken (https://locations.churchs.com/calendar)
FOUND 57 → Jack in the Box (https://locations.jackinthebox.com/us/az/phoenix/2113-w-happy-valley-rd)
FOUND 57 → Jack in the Box (https://locations.jackinthebox.com/us/az/peoria/9841-w-happy-valley-rd)
NONE → Jack in the Box (https://locations.jackinthebox.com/menu)
NONE → Jack in the Box (https://locations.jackinthebox.com/menus)
NONE → Jack in the Box (https://locations.jackinthebox.com/food)
NONE → Jack in the Box (https://locations.jackinthebox.com/drinks)
NONE → Jack in the Box (https://locations.jackinthebox.com/specials)
NONE → Jack in the Box (https://locations.jackinthebox.com/deals)
NONE → Jack in the Box (https://locations.jackinthebox.com/happy-hour)
NONE → Jack in the Box (https://locations.jackinthebox.com/happyhour)
NONE → Jack in the Box (https://locations.jackinthebox.com/events)
NONE → Jack in the Box (https://locations.jackinthebox.com/calendar)
NONE → Brixx Wood Fired Pizza (https://brixxpizza.com/menu/)
NONE → Brixx Wood Fired Pizza (https://brixxpizza.com/wp-content/uploads/2025/02/Menu-Design-GlutenFree-2025-2-NSP_V3.pdf)
NONE → Brixx Wood Fired Pizza (https://brixxpizza.com/wp-content/uploads/2024/05/Kids-Menu-2024pdf.pdf)
NONE → Brixx Wood Fired Pizza (https://brixxpizza.com/menu-sitemap.xml)
NONE → Brixx Wood Fired Pizza (https://brixxpizza.com/menu_categories-sitemap.xml)
NONE → Brixx Wood Fired Pizza (https://brixxpizza.com/menu)
NONE → Brixx Wood Fired Pizza (https://brixxpizza.com/menus)
NONE → Brixx Wood Fired Pizza (https://brixxpizza.com/food)
NONE → Brixx Wood Fired Pizza (https://brixxpizza.com/drinks)
NONE → Brixx Wood Fired Pizza (https://brixxpizza.com/specials)
NONE → Brixx Wood Fired Pizza (https://brixxpizza.com/deals)
NONE → Brixx Wood Fired Pizza (https://brixxpizza.com/happy-hour)
NONE → Brixx Wood Fired Pizza (https://brixxpizza.com/happyhour)
NONE → Brixx Wood Fired Pizza (https://brixxpizza.com/events)
NONE → Brixx Wood Fired Pizza (https://brixxpizza.com/calendar)
NONE → Brixx Wood Fired Pizza (https://brixxpizza.com/menu/)
NONE → Brixx Wood Fired Pizza (https://brixxpizza.com/wp-content/uploads/2025/02/Menu-Design-GlutenFree-2025-2-NSP_V3.pdf)
NONE → Brixx Wood Fired Pizza (https://brixxpizza.com/wp-content/uploads/2024/05/Kids-Menu-2024pdf.pdf)
NONE → Brixx Wood Fired Pizza (https://brixxpizza.com/menu-sitemap.xml)
NONE → Brixx Wood Fired Pizza (https://brixxpizza.com/menu_categories-sitemap.xml)
NONE → Brixx Wood Fired Pizza (https://brixxpizza.com/menu)
NONE → Brixx Wood Fired Pizza (https://brixxpizza.com/menus)
NONE → Brixx Wood Fired Pizza (https://brixxpizza.com/food)
NONE → Brixx Wood Fired Pizza (https://brixxpizza.com/drinks)
NONE → Brixx Wood Fired Pizza (https://brixxpizza.com/specials)
NONE → Brixx Wood Fired Pizza (https://brixxpizza.com/deals)
NONE → Brixx Wood Fired Pizza (https://brixxpizza.com/happy-hour)
NONE → Brixx Wood Fired Pizza (https://brixxpizza.com/happyhour)
NONE → Brixx Wood Fired Pizza (https://brixxpizza.com/events)
NONE → Brixx Wood Fired Pizza (https://brixxpizza.com/calendar)
FOUND 17 → (Unnamed) (https://www.phatburrito.com/charlotte-southend-phat-burrito-food-menu)
FOUND 10 → (Unnamed) (https://www.phatburrito.com/charlotte-southend-phat-burrito-drink-menu)
FOUND 40 → (Unnamed) (https://www.phatburrito.com/charlotte-southend-phat-burrito-happy-hours-specials)
NONE → (Unnamed) (https://www.phatburrito.com/menu)
NONE → (Unnamed) (https://www.phatburrito.com/menus)
NONE → (Unnamed) (https://www.phatburrito.com/food)
NONE → (Unnamed) (https://www.phatburrito.com/drinks)
NONE → (Unnamed) (https://www.phatburrito.com/specials)
NONE → (Unnamed) (https://www.phatburrito.com/deals)
NONE → (Unnamed) (https://www.phatburrito.com/happy-hour)
NONE → (Unnamed) (https://www.phatburrito.com/happyhour)
NONE → (Unnamed) (https://www.phatburrito.com/events)
NONE → (Unnamed) (https://www.phatburrito.com/calendar)
FOUND 17 → (Unnamed) (https://www.phatburrito.com/charlotte-southend-phat-burrito-food-menu)
NONE → (Unnamed) (https://www.phatburrito.com/charlotte-southend-phat-burrito-drink-menu)
NONE → (Unnamed) (https://www.phatburrito.com/charlotte-southend-phat-burrito-happy-hours-specials)
NONE → (Unnamed) (https://www.phatburrito.com/menu)
NONE → (Unnamed) (https://www.phatburrito.com/menus)
NONE → (Unnamed) (https://www.phatburrito.com/food)
NONE → (Unnamed) (https://www.phatburrito.com/drinks)
NONE → (Unnamed) (https://www.phatburrito.com/specials)
NONE → (Unnamed) (https://www.phatburrito.com/deals)
NONE → (Unnamed) (https://www.phatburrito.com/happy-hour)
NONE → (Unnamed) (https://www.phatburrito.com/happyhour)
NONE → (Unnamed) (https://www.phatburrito.com/events)
NONE → (Unnamed) (https://www.phatburrito.com/calendar)
NONE → Midnight Diner (https://midnightdinercharlotte.com/our-menu/)
NONE → Midnight Diner (https://midnightdinercharlotte.com/menu)
NONE → Midnight Diner (https://midnightdinercharlotte.com/menus)
NONE → Midnight Diner (https://midnightdinercharlotte.com/food)
NONE → Midnight Diner (https://midnightdinercharlotte.com/drinks)
NONE → Midnight Diner (https://midnightdinercharlotte.com/specials)
NONE → Midnight Diner (https://midnightdinercharlotte.com/deals)
NONE → Midnight Diner (https://midnightdinercharlotte.com/happy-hour)
NONE → Midnight Diner (https://midnightdinercharlotte.com/happyhour)
NONE → Midnight Diner (https://midnightdinercharlotte.com/events)
NONE → Midnight Diner (https://midnightdinercharlotte.com/calendar)
NONE → Canal Coffee Company (https://canalcoffeecompany.com/menu/)
NONE → Canal Coffee Company (https://canalcoffeecompany.com/menu)
NONE → Canal Coffee Company (https://canalcoffeecompany.com/menus)
NONE → Canal Coffee Company (https://canalcoffeecompany.com/food)
NONE → Canal Coffee Company (https://canalcoffeecompany.com/drinks)
NONE → Canal Coffee Company (https://canalcoffeecompany.com/specials)
NONE → Canal Coffee Company (https://canalcoffeecompany.com/deals)
NONE → Canal Coffee Company (https://canalcoffeecompany.com/happy-hour)
NONE → Canal Coffee Company (https://canalcoffeecompany.com/happyhour)
NONE → Canal Coffee Company (https://canalcoffeecompany.com/events)
NONE → Canal Coffee Company (https://canalcoffeecompany.com/calendar)
FOUND 26 → Alexander Michael's (https://almikestavern.com/lunch-%26-dinner-menus)
NONE → Alexander Michael's (https://almikestavern.com/menu)
NONE → Alexander Michael's (https://almikestavern.com/menus)
NONE → Alexander Michael's (https://almikestavern.com/food)
NONE → Alexander Michael's (https://almikestavern.com/drinks)
NONE → Alexander Michael's (https://almikestavern.com/specials)
NONE → Alexander Michael's (https://almikestavern.com/deals)
NONE → Alexander Michael's (https://almikestavern.com/happy-hour)
NONE → Alexander Michael's (https://almikestavern.com/happyhour)
NONE → Alexander Michael's (https://almikestavern.com/events)
NONE → Alexander Michael's (https://almikestavern.com/calendar)
NONE → Einstein Bros. Bagels (https://locations.einsteinbros.com/menu)
NONE → Einstein Bros. Bagels (https://locations.einsteinbros.com/menus)
NONE → Einstein Bros. Bagels (https://locations.einsteinbros.com/food)
NONE → Einstein Bros. Bagels (https://locations.einsteinbros.com/drinks)
NONE → Einstein Bros. Bagels (https://locations.einsteinbros.com/specials)
NONE → Einstein Bros. Bagels (https://locations.einsteinbros.com/deals)
NONE → Einstein Bros. Bagels (https://locations.einsteinbros.com/happy-hour)
NONE → Einstein Bros. Bagels (https://locations.einsteinbros.com/happyhour)
NONE → Einstein Bros. Bagels (https://locations.einsteinbros.com/events)
NONE → Einstein Bros. Bagels (https://locations.einsteinbros.com/calendar)
NONE → Moe's Southwest Grill (https://locations.moes.com/menu)
NONE → Moe's Southwest Grill (https://locations.moes.com/menus)
NONE → Moe's Southwest Grill (https://locations.moes.com/food)
NONE → Moe's Southwest Grill (https://locations.moes.com/drinks)
NONE → Moe's Southwest Grill (https://locations.moes.com/specials)
NONE → Moe's Southwest Grill (https://locations.moes.com/deals)
NONE → Moe's Southwest Grill (https://locations.moes.com/happy-hour)
NONE → Moe's Southwest Grill (https://locations.moes.com/happyhour)
NONE → Moe's Southwest Grill (https://locations.moes.com/events)
NONE → Moe's Southwest Grill (https://locations.moes.com/calendar)
NONE → Veltree Vegan Restaurant (https://www.veltree.com/menu)
NONE → Veltree Vegan Restaurant (https://www.veltree.com/menus)
NONE → Veltree Vegan Restaurant (https://www.veltree.com/food)
NONE → Veltree Vegan Restaurant (https://www.veltree.com/drinks)
NONE → Veltree Vegan Restaurant (https://www.veltree.com/specials)
NONE → Veltree Vegan Restaurant (https://www.veltree.com/deals)
NONE → Veltree Vegan Restaurant (https://www.veltree.com/happy-hour)
NONE → Veltree Vegan Restaurant (https://www.veltree.com/happyhour)
NONE → Veltree Vegan Restaurant (https://www.veltree.com/events)
NONE → Veltree Vegan Restaurant (https://www.veltree.com/calendar)
FOUND 16 → Jamba (https://locations.jamba.com/az/phoenix/2370-happy-valley-rd)
NONE → Jamba (https://locations.jamba.com/or/happy-valley)
FOUND 16 → Jamba (https://locations.jamba.com/or/happy-valley/11965-se-sunnyside-rd)
FOUND 8 → Jamba (https://locations.jamba.com/tx/grand-prairie/food-truck-wylie-tx)
NONE → Jamba (https://locations.jamba.com/menu)
NONE → Jamba (https://locations.jamba.com/menus)
NONE → Jamba (https://locations.jamba.com/food)
NONE → Jamba (https://locations.jamba.com/drinks)
NONE → Jamba (https://locations.jamba.com/specials)
NONE → Jamba (https://locations.jamba.com/deals)
NONE → Jamba (https://locations.jamba.com/happy-hour)
NONE → Jamba (https://locations.jamba.com/happyhour)
NONE → Jamba (https://locations.jamba.com/events)
NONE → Jamba (https://locations.jamba.com/calendar)
NONE → Zapata's Cantina Mexican Restaurant (https://www.zapatasrestaurant.com/menu)
NONE → Zapata's Cantina Mexican Restaurant (https://www.zapatasrestaurant.com/menus)
NONE → Zapata's Cantina Mexican Restaurant (https://www.zapatasrestaurant.com/food)
NONE → Zapata's Cantina Mexican Restaurant (https://www.zapatasrestaurant.com/drinks)
NONE → Zapata's Cantina Mexican Restaurant (https://www.zapatasrestaurant.com/specials)
NONE → Zapata's Cantina Mexican Restaurant (https://www.zapatasrestaurant.com/deals)
NONE → Zapata's Cantina Mexican Restaurant (https://www.zapatasrestaurant.com/happy-hour)
NONE → Zapata's Cantina Mexican Restaurant (https://www.zapatasrestaurant.com/happyhour)
NONE → Zapata's Cantina Mexican Restaurant (https://www.zapatasrestaurant.com/events)
NONE → Zapata's Cantina Mexican Restaurant (https://www.zapatasrestaurant.com/calendar)
NONE → Einstein Bros. Bagels (https://locations.einsteinbros.com/menu)
NONE → Einstein Bros. Bagels (https://locations.einsteinbros.com/menus)
NONE → Einstein Bros. Bagels (https://locations.einsteinbros.com/food)
NONE → Einstein Bros. Bagels (https://locations.einsteinbros.com/drinks)
NONE → Einstein Bros. Bagels (https://locations.einsteinbros.com/specials)
NONE → Einstein Bros. Bagels (https://locations.einsteinbros.com/deals)
NONE → Einstein Bros. Bagels (https://locations.einsteinbros.com/happy-hour)
NONE → Einstein Bros. Bagels (https://locations.einsteinbros.com/happyhour)
NONE → Einstein Bros. Bagels (https://locations.einsteinbros.com/events)
NONE → Einstein Bros. Bagels (https://locations.einsteinbros.com/calendar)
NONE → Passage to India Indian Cuisine (http://www.passagetoindianc.com/menu)
NONE → Passage to India Indian Cuisine (http://www.passagetoindianc.com/menus)
NONE → Passage to India Indian Cuisine (http://www.passagetoindianc.com/food)
NONE → Passage to India Indian Cuisine (http://www.passagetoindianc.com/drinks)
NONE → Passage to India Indian Cuisine (http://www.passagetoindianc.com/specials)
NONE → Passage to India Indian Cuisine (http://www.passagetoindianc.com/deals)
NONE → Passage to India Indian Cuisine (http://www.passagetoindianc.com/happy-hour)
NONE → Passage to India Indian Cuisine (http://www.passagetoindianc.com/happyhour)
NONE → Passage to India Indian Cuisine (http://www.passagetoindianc.com/events)
NONE → Passage to India Indian Cuisine (http://www.passagetoindianc.com/calendar)
NONE → Popeyes (https://www.popeyes.com/menu)
NONE → Popeyes (https://www.popeyes.com/food-love-grant-guidelines/)
NONE → Popeyes (https://www.popeyes.com/explore-menu/)
NONE → Popeyes (https://www.popeyes.com/food-love-grant-agreement/)
NONE → Popeyes (https://www.popeyes.com/menu/bundle/642b26dd-da15-4563-9329-d50367b729e4)
NONE → Popeyes (https://www.popeyes.com/menu/section/c17aefeb-aabe-4c21-ae57-137eb724f565)
NONE → Popeyes (https://www.popeyes.com/menu/picker/7a3d7fdf-a66c-45fe-bb2d-e45737988d83)
NONE → Popeyes (https://www.popeyes.com/menu/combo/57219f34-2691-453e-906f-53e881924c77)
NONE → Popeyes (https://www.popeyes.com/menu/combo/2f1f9953-0756-4d7d-8f47-37f788028c6f)
NONE → Popeyes (https://www.popeyes.com/menu/combo/3036ed06-469c-4b82-85bb-20d44f06eb98)
NONE → Popeyes (https://www.popeyes.com/menu/picker/136213f1-ec97-4ded-889e-39a7a558b84a)
NONE → Popeyes (https://www.popeyes.com/menu/picker/0625d327-777c-4a2f-a1bf-1f1ed1cd219a)
NONE → Popeyes (https://www.popeyes.com/menu/picker/75cbe657-1026-4cbe-bb92-630025c905ed)
NONE → Popeyes (https://www.popeyes.com/menu/section/24bdaf57-8549-43ec-8cb1-266e8beaf339)
NONE → Popeyes (https://www.popeyes.com/menu/section/ebd65079-fd8a-4a26-ab51-c2e12e3061e6)
NONE → Popeyes (https://www.popeyes.com/menu/picker/b407d81f-bdd2-4f32-88df-c07dcd54ba85)
NONE → Popeyes (https://www.popeyes.com/menu/picker/be1d5331-2729-4577-b5aa-42c76d3ac239)
NONE → Popeyes (https://www.popeyes.com/menu/picker/1cbe84ab-ca66-48df-876f-4f5ab1880b11)
NONE → Popeyes (https://www.popeyes.com/menu/picker/86042e14-5061-4be2-921a-8f84ca4c60c8)
NONE → Popeyes (https://www.popeyes.com/menu/section/a6651b60-bcb0-4ffc-b758-cde420351464)
NONE → Popeyes (https://www.popeyes.com/menu/picker/1d860da2-1a01-4dba-aa15-e07a3380aa13)
NONE → Popeyes (https://www.popeyes.com/menu/picker/a394b345-be8c-46ef-b4ed-783e6104f9bd)
NONE → Popeyes (https://www.popeyes.com/menu/picker/06e36ec2-81da-461c-b5fd-1ef8ebe02a13)
NONE → Popeyes (https://www.popeyes.com/menu/picker/94ccc5a9-29b1-43c3-adc7-3b21515ab0d5)
NONE → Popeyes (https://www.popeyes.com/menu/section/336fecf6-08d0-49bd-8667-49b87b2bf4d3)
NONE → Popeyes (https://www.popeyes.com/menu)
NONE → Popeyes (https://www.popeyes.com/food-love-grant-guidelines/)
NONE → Popeyes (https://www.popeyes.com/explore-menu/)
NONE → Popeyes (https://www.popeyes.com/food-love-grant-agreement/)
NONE → Popeyes (https://www.popeyes.com/menu/bundle/642b26dd-da15-4563-9329-d50367b729e4)
NONE → Popeyes (https://www.popeyes.com/menu/section/c17aefeb-aabe-4c21-ae57-137eb724f565)
NONE → Popeyes (https://www.popeyes.com/menu/picker/7a3d7fdf-a66c-45fe-bb2d-e45737988d83)
NONE → Popeyes (https://www.popeyes.com/menu/combo/57219f34-2691-453e-906f-53e881924c77)
NONE → Popeyes (https://www.popeyes.com/menu/combo/2f1f9953-0756-4d7d-8f47-37f788028c6f)
NONE → Popeyes (https://www.popeyes.com/menu/combo/3036ed06-469c-4b82-85bb-20d44f06eb98)
NONE → Popeyes (https://www.popeyes.com/menu/picker/136213f1-ec97-4ded-889e-39a7a558b84a)
NONE → Popeyes (https://www.popeyes.com/menu/picker/0625d327-777c-4a2f-a1bf-1f1ed1cd219a)
NONE → Popeyes (https://www.popeyes.com/menu/picker/75cbe657-1026-4cbe-bb92-630025c905ed)
NONE → Popeyes (https://www.popeyes.com/menu/section/24bdaf57-8549-43ec-8cb1-266e8beaf339)
NONE → Popeyes (https://www.popeyes.com/menu/section/ebd65079-fd8a-4a26-ab51-c2e12e3061e6)
NONE → Popeyes (https://www.popeyes.com/menu/picker/b407d81f-bdd2-4f32-88df-c07dcd54ba85)
NONE → Popeyes (https://www.popeyes.com/menu/picker/be1d5331-2729-4577-b5aa-42c76d3ac239)
NONE → Popeyes (https://www.popeyes.com/menu/picker/1cbe84ab-ca66-48df-876f-4f5ab1880b11)
NONE → Popeyes (https://www.popeyes.com/menu/picker/86042e14-5061-4be2-921a-8f84ca4c60c8)
NONE → Popeyes (https://www.popeyes.com/menu/section/a6651b60-bcb0-4ffc-b758-cde420351464)
NONE → Popeyes (https://www.popeyes.com/menu/picker/1d860da2-1a01-4dba-aa15-e07a3380aa13)
NONE → Popeyes (https://www.popeyes.com/menu/picker/a394b345-be8c-46ef-b4ed-783e6104f9bd)
NONE → Popeyes (https://www.popeyes.com/menu/picker/06e36ec2-81da-461c-b5fd-1ef8ebe02a13)
NONE → Popeyes (https://www.popeyes.com/menu/picker/94ccc5a9-29b1-43c3-adc7-3b21515ab0d5)
NONE → Popeyes (https://www.popeyes.com/menu/section/336fecf6-08d0-49bd-8667-49b87b2bf4d3)
NONE → Julia's Café & Books (https://www.juliascafe.org/event-sitemap.xml)
NONE → Julia's Café & Books (https://www.juliascafe.org/eventbrite_events-sitemap.xml)
NONE → Julia's Café & Books (https://www.juliascafe.org/event_category-sitemap.xml)
NONE → Julia's Café & Books (https://www.juliascafe.org/eventbrite_category-sitemap.xml)
NONE → Julia's Café & Books (https://www.juliascafe.org/menu)
NONE → Julia's Café & Books (https://www.juliascafe.org/menus)
NONE → Julia's Café & Books (https://www.juliascafe.org/food)
NONE → Julia's Café & Books (https://www.juliascafe.org/drinks)
NONE → Julia's Café & Books (https://www.juliascafe.org/specials)
NONE → Julia's Café & Books (https://www.juliascafe.org/deals)
NONE → Julia's Café & Books (https://www.juliascafe.org/happy-hour)
NONE → Julia's Café & Books (https://www.juliascafe.org/happyhour)
NONE → Julia's Café & Books (https://www.juliascafe.org/events)
NONE → Julia's Café & Books (https://www.juliascafe.org/calendar)
NONE → Krispy Kreme (https://www.krispykreme.com/menu/doughnuts/limited-time/chocolate-iced-kreme-filled-football-doughnut)
NONE → Krispy Kreme (https://www.krispykreme.com/menu/doughnuts/limited-time/griffyndor-doughnut)
NONE → Krispy Kreme (https://www.krispykreme.com/menu/doughnuts/limited-time/slytherin-doughnut)
NONE → Krispy Kreme (https://www.krispykreme.com/menu/doughnuts/limited-time/hufflepuff-doughnut)
NONE → Krispy Kreme (https://www.krispykreme.com/menu/doughnuts/limited-time/ravenclaw-doughnut)
NONE → Krispy Kreme (https://www.krispykreme.com/menu/doughnuts/limited-time/sorting-hat-doughnut)
NONE → Krispy Kreme (https://www.krispykreme.com/menu/coffee-and-drinks/limited-time/golden-snitch-latte)
NONE → Krispy Kreme (https://www.krispykreme.com/menu/coffee-and-drinks/limited-time/iced-golden-snitch-latte)
NONE → Krispy Kreme (https://www.krispykreme.com/menu/coffee-and-drinks/limited-time/frozen-golden-snitch-latte)
NONE → Krispy Kreme (https://www.krispykreme.com/menu)
NONE → Krispy Kreme (https://www.krispykreme.com/promos/world-chocolate-day)
FOUND 2 → Krispy Kreme (https://www.krispykreme.com/promos/harry-potter)
FOUND 3 → Krispy Kreme (https://www.krispykreme.com/promos/harry-potter/giveaway)
FOUND 4 → Krispy Kreme (https://www.krispykreme.com/promos/july4th)
NONE → Krispy Kreme (https://www.krispykreme.com/shop/menu)
NONE → Krispy Kreme (https://www.krispykreme.com/promos/football)
FOUND 9 → Krispy Kreme (https://www.krispykreme.com/promos/passport)
FOUND 17 → Krispy Kreme (https://www.krispykreme.com/promos/crocs)
NONE → Krispy Kreme (https://www.krispykreme.com/promos/pumpkinspice)
FOUND 47 → Krispy Kreme (https://www.krispykreme.com/menu/coffee-and-drinks/all)
NONE → Krispy Kreme (https://www.krispykreme.com/menu/coffee-and-drinks/limited-time)
FOUND 15 → Krispy Kreme (https://www.krispykreme.com/menu/coffee-and-drinks/hot-coffee-and-espresso)
FOUND 11 → Krispy Kreme (https://www.krispykreme.com/menu/coffee-and-drinks/iced-coffee-and-espresso)
FOUND 27 → Krispy Kreme (https://www.krispykreme.com/menu/coffee-and-drinks/frozen-lattes)
NONE → Krispy Kreme (https://www.krispykreme.com/menu/coffee-and-drinks/chillers)
NONE → Dave's Hot Chicken (https://www.daveshotchicken.com/menu)
NONE → Dave's Hot Chicken (https://www.daveshotchicken.com/menus)
NONE → Dave's Hot Chicken (https://www.daveshotchicken.com/food)
NONE → Dave's Hot Chicken (https://www.daveshotchicken.com/drinks)
NONE → Dave's Hot Chicken (https://www.daveshotchicken.com/specials)
NONE → Dave's Hot Chicken (https://www.daveshotchicken.com/deals)
NONE → Dave's Hot Chicken (https://www.daveshotchicken.com/happy-hour)
NONE → Dave's Hot Chicken (https://www.daveshotchicken.com/happyhour)
NONE → Dave's Hot Chicken (https://www.daveshotchicken.com/events)
NONE → Dave's Hot Chicken (https://www.daveshotchicken.com/calendar)
FOUND 7 → The Salty Donut (https://www.saltydonut.com/menu)
NONE → The Salty Donut (https://www.saltydonut.com/menus)
NONE → The Salty Donut (https://www.saltydonut.com/food)
NONE → The Salty Donut (https://www.saltydonut.com/drinks)
NONE → The Salty Donut (https://www.saltydonut.com/specials)
NONE → The Salty Donut (https://www.saltydonut.com/deals)
NONE → The Salty Donut (https://www.saltydonut.com/happy-hour)
NONE → The Salty Donut (https://www.saltydonut.com/happyhour)
NONE → The Salty Donut (https://www.saltydonut.com/events)
NONE → The Salty Donut (https://www.saltydonut.com/calendar)
NONE → The Kilted Buffalo (https://kiltedbuffaloplazamidwood.com/charlotte-kilted-buffalo-plaza-midwood-food-menu)
NONE → The Kilted Buffalo (https://kiltedbuffaloplazamidwood.com/charlotte-kilted-buffalo-plaza-midwood-drink-menu)
NONE → The Kilted Buffalo (https://kiltedbuffaloplazamidwood.com/menu)
NONE → The Kilted Buffalo (https://kiltedbuffaloplazamidwood.com/menus)
NONE → The Kilted Buffalo (https://kiltedbuffaloplazamidwood.com/food)
NONE → The Kilted Buffalo (https://kiltedbuffaloplazamidwood.com/drinks)
NONE → The Kilted Buffalo (https://kiltedbuffaloplazamidwood.com/specials)
NONE → The Kilted Buffalo (https://kiltedbuffaloplazamidwood.com/deals)
NONE → The Kilted Buffalo (https://kiltedbuffaloplazamidwood.com/happy-hour)
NONE → The Kilted Buffalo (https://kiltedbuffaloplazamidwood.com/happyhour)
NONE → The Kilted Buffalo (https://kiltedbuffaloplazamidwood.com/events)
NONE → The Kilted Buffalo (https://kiltedbuffaloplazamidwood.com/calendar)
FOUND 17 → (Unnamed) (https://www.phatburrito.com/charlotte-southend-phat-burrito-food-menu)
FOUND 10 → (Unnamed) (https://www.phatburrito.com/charlotte-southend-phat-burrito-drink-menu)
FOUND 40 → (Unnamed) (https://www.phatburrito.com/charlotte-southend-phat-burrito-happy-hours-specials)
NONE → (Unnamed) (https://www.phatburrito.com/menu)
NONE → (Unnamed) (https://www.phatburrito.com/menus)
NONE → (Unnamed) (https://www.phatburrito.com/food)
NONE → (Unnamed) (https://www.phatburrito.com/drinks)
NONE → (Unnamed) (https://www.phatburrito.com/specials)
NONE → (Unnamed) (https://www.phatburrito.com/deals)
NONE → (Unnamed) (https://www.phatburrito.com/happy-hour)
NONE → (Unnamed) (https://www.phatburrito.com/happyhour)
NONE → (Unnamed) (https://www.phatburrito.com/events)
NONE → (Unnamed) (https://www.phatburrito.com/calendar)
FOUND 16 → Cakeable Cafe (https://wearecakeable.org/contact/event-request/)
NONE → Cakeable Cafe (https://wearecakeable.org/menu)
NONE → Cakeable Cafe (https://wearecakeable.org/menus)
NONE → Cakeable Cafe (https://wearecakeable.org/food)
NONE → Cakeable Cafe (https://wearecakeable.org/drinks)
NONE → Cakeable Cafe (https://wearecakeable.org/specials)
NONE → Cakeable Cafe (https://wearecakeable.org/deals)
NONE → Cakeable Cafe (https://wearecakeable.org/happy-hour)
NONE → Cakeable Cafe (https://wearecakeable.org/happyhour)
NONE → Cakeable Cafe (https://wearecakeable.org/events)
NONE → Cakeable Cafe (https://wearecakeable.org/calendar)
NONE → Paco's Tacos & Tequila (https://www.pacostacosandtequila.com/menus/)
NONE → Paco's Tacos & Tequila (https://www.pacostacosandtequila.com/menu)
NONE → Paco's Tacos & Tequila (https://www.pacostacosandtequila.com/menus)
NONE → Paco's Tacos & Tequila (https://www.pacostacosandtequila.com/food)
NONE → Paco's Tacos & Tequila (https://www.pacostacosandtequila.com/drinks)
NONE → Paco's Tacos & Tequila (https://www.pacostacosandtequila.com/specials)
NONE → Paco's Tacos & Tequila (https://www.pacostacosandtequila.com/deals)
NONE → Paco's Tacos & Tequila (https://www.pacostacosandtequila.com/happy-hour)
NONE → Paco's Tacos & Tequila (https://www.pacostacosandtequila.com/happyhour)
NONE → Paco's Tacos & Tequila (https://www.pacostacosandtequila.com/events)
NONE → Paco's Tacos & Tequila (https://www.pacostacosandtequila.com/calendar)
NONE → Salata Salad Kitchen (https://www.salata.com/menu)
NONE → Salata Salad Kitchen (https://www.salata.com/menus)
NONE → Salata Salad Kitchen (https://www.salata.com/food)
NONE → Salata Salad Kitchen (https://www.salata.com/drinks)
NONE → Salata Salad Kitchen (https://www.salata.com/specials)
NONE → Salata Salad Kitchen (https://www.salata.com/deals)
NONE → Salata Salad Kitchen (https://www.salata.com/happy-hour)
NONE → Salata Salad Kitchen (https://www.salata.com/happyhour)
NONE → Salata Salad Kitchen (https://www.salata.com/events)
NONE → Salata Salad Kitchen (https://www.salata.com/calendar)
FOUND 10 → Ilios Crafted Greek (https://ilioscraftedgreek.com/charlotte-ilios-crafted-greek-food-menu)
FOUND 20 → Ilios Crafted Greek (https://ilioscraftedgreek.com/charlotte-ilios-crafted-greek-happy-hours-specials)
FOUND 10 → Ilios Crafted Greek (https://ilioscraftedgreek.com/charlotte-ilios-crafted-greek-promotions)
FOUND 10 → Ilios Crafted Greek (https://ilioscraftedgreek.com/charlotte-ilios-crafted-greek-events)
NONE → Ilios Crafted Greek (https://ilioscraftedgreek.com/menu)
NONE → Ilios Crafted Greek (https://ilioscraftedgreek.com/menus)
NONE → Ilios Crafted Greek (https://ilioscraftedgreek.com/food)
NONE → Ilios Crafted Greek (https://ilioscraftedgreek.com/drinks)
NONE → Ilios Crafted Greek (https://ilioscraftedgreek.com/specials)
NONE → Ilios Crafted Greek (https://ilioscraftedgreek.com/deals)
NONE → Ilios Crafted Greek (https://ilioscraftedgreek.com/happy-hour)
NONE → Ilios Crafted Greek (https://ilioscraftedgreek.com/happyhour)
NONE → Ilios Crafted Greek (https://ilioscraftedgreek.com/events)
NONE → Ilios Crafted Greek (https://ilioscraftedgreek.com/calendar)
NONE → Ilios Crafted Greek (https://ilioscraftedgreek.com/charlotte-ilios-crafted-greek-food-menu)
FOUND 20 → Ilios Crafted Greek (https://ilioscraftedgreek.com/charlotte-ilios-crafted-greek-happy-hours-specials)
NONE → Ilios Crafted Greek (https://ilioscraftedgreek.com/charlotte-ilios-crafted-greek-promotions)
NONE → Ilios Crafted Greek (https://ilioscraftedgreek.com/charlotte-ilios-crafted-greek-events)
NONE → Ilios Crafted Greek (https://ilioscraftedgreek.com/menu)
NONE → Ilios Crafted Greek (https://ilioscraftedgreek.com/menus)
NONE → Ilios Crafted Greek (https://ilioscraftedgreek.com/food)
NONE → Ilios Crafted Greek (https://ilioscraftedgreek.com/drinks)
NONE → Ilios Crafted Greek (https://ilioscraftedgreek.com/specials)
NONE → Ilios Crafted Greek (https://ilioscraftedgreek.com/deals)
NONE → Ilios Crafted Greek (https://ilioscraftedgreek.com/happy-hour)
NONE → Ilios Crafted Greek (https://ilioscraftedgreek.com/happyhour)
NONE → Ilios Crafted Greek (https://ilioscraftedgreek.com/events)
NONE → Ilios Crafted Greek (https://ilioscraftedgreek.com/calendar)
NONE → Cowbell Burger & Whiskey Bar (https://eatmorecowbell.com/menu)
NONE → Cowbell Burger & Whiskey Bar (https://eatmorecowbell.com/menus)
NONE → Cowbell Burger & Whiskey Bar (https://eatmorecowbell.com/food)
NONE → Cowbell Burger & Whiskey Bar (https://eatmorecowbell.com/drinks)
NONE → Cowbell Burger & Whiskey Bar (https://eatmorecowbell.com/specials)
NONE → Cowbell Burger & Whiskey Bar (https://eatmorecowbell.com/deals)
NONE → Cowbell Burger & Whiskey Bar (https://eatmorecowbell.com/happy-hour)
NONE → Cowbell Burger & Whiskey Bar (https://eatmorecowbell.com/happyhour)
NONE → Cowbell Burger & Whiskey Bar (https://eatmorecowbell.com/events)
NONE → Cowbell Burger & Whiskey Bar (https://eatmorecowbell.com/calendar)
