FOUND 13 → (Unnamed)
FOUND 11 → Alexander Michael's
FOUND 15 → Alpha Omega Grill & Pizzeria
FOUND 25 → Applebee's
FOUND 14 → Banh Mi Brothers
FOUND 11 → Boardwalk Billy's
FOUND 10 → Bojangles'
FOUND 10 → Bojangles'
FOUND 10 → Bojangles'
FOUND 10 → Bojangles'
FOUND 10 → Bojangles'
FOUND 10 → Bojangles'
FOUND 10 → Bojangles'
FOUND 10 → Bojangles'
FOUND 10 → Bojangles'
FOUND 10 → Bojangles'
FOUND 10 → Bojangles'
FOUND 10 → Bojangles'
FOUND 10 → Bojangles'
FOUND 10 → Bojangles'
FOUND 10 → Bojangles'
FOUND 10 → Bojangles'
FOUND 10 → Bojangles'
FOUND 10 → Bojangles'
FOUND 10 → Bojangles'
FOUND 10 → Bojangles'
FOUND 10 → Bojangles'
FOUND 10 → Bojangles'
FOUND 10 → Bojangles'
FOUND 10 → Bojangles'
FOUND 15 → Brixx Wood Fired Pizza
FOUND 15 → Brixx Wood Fired Pizza
FOUND 13 → Burtons Grill & Bar of Charlotte
FOUND 12 → Cajun Queen
FOUND 11 → Cakeable Cafe
FOUND 11 → Canal Coffee Company
FOUND 10 → Cheat's Cheesesteaks
FOUND 21 → Chipotle
FOUND 21 → Chipotle
FOUND 21 → Chipotle
FOUND 21 → Chipotle
FOUND 21 → Chipotle
FOUND 21 → Chipotle
FOUND 21 → Chipotle
FOUND 21 → Chipotle
FOUND 21 → Chipotle
FOUND 21 → Chipotle
FOUND 21 → Chipotle
FOUND 10 → Church's Chicken
FOUND 10 → Church's Chicken
FOUND 10 → Church's Chicken
FOUND 16 → Circle K / Wendy's
FOUND 10 → Cowbell Burger & Whiskey Bar
FOUND 25 → Culver's
FOUND 10 → Da Vinci's Pizza
FOUND 10 → Dave's Hot Chicken
FOUND 10 → Domino's
FOUND 10 → Domino's
FOUND 10 → Domino's
FOUND 10 → Domino's
FOUND 10 → Domino's
FOUND 10 → Domino's
FOUND 10 → Domino's
FOUND 10 → Domino's
FOUND 10 → Domino's
FOUND 25 → Duck Donuts
FOUND 10 → Dunkin
FOUND 10 → Dunkin'
FOUND 10 → Dunkin'
FOUND 10 → Dunkin'
FOUND 10 → Dunkin'
FOUND 10 → Dunkin'
FOUND 10 → Dunkin'
FOUND 10 → Dunkin'
FOUND 10 → Dunkin'
FOUND 10 → Dunkin'
FOUND 10 → Dunkin'
FOUND 10 → Dunkin'
FOUND 10 → Dunkin'
FOUND 10 → Dunkin'
FOUND 10 → Dunkin'
FOUND 10 → Dunkin'
FOUND 13 → Eddie's Place
FOUND 10 → Einstein Bros. Bagels
FOUND 10 → Einstein Bros. Bagels
FOUND 10 → Einstein Bros. Bagels
FOUND 10 → Einstein Bros. Bagels
FOUND 12 → Gilde Brewery
FOUND 10 → Hardee's
FOUND 25 → IHOP
FOUND 25 → IHOP
FOUND 14 → Ilios Crafted Greek
FOUND 14 → Ilios Crafted Greek
FOUND 14 → Ilios Crafted Greek
FOUND 12 → Jack in the Box
FOUND 12 → Jack in the Box
FOUND 12 → Jack in the Box
FOUND 12 → Jack in the Box
FOUND 12 → Jack in the Box
FOUND 18 → JackBeagle's
FOUND 14 → Jamba
FOUND 14 → Jamba
FOUND 10 → Jimmy John's
FOUND 10 → Jimmy John's
FOUND 10 → Jimmy John's
FOUND 10 → Jimmy John's
FOUND 10 → Jimmy John's
FOUND 10 → Jimmy John's
FOUND 10 → Jimmy John's
FOUND 10 → Jimmy John's
FOUND 10 → Jimmy John's
FOUND 14 → Joe Mama's Pizza & Grill
FOUND 14 → Julia's Café & Books
FOUND 25 → KFC
FOUND 25 → KFC
FOUND 25 → KFC
FOUND 25 → KFC
FOUND 25 → KFC
FOUND 25 → KFC
FOUND 25 → KFC
FOUND 25 → KFC
FOUND 14 → Konnichiwa
FOUND 25 → Krispy Kreme
FOUND 10 → Leroy Fox
FOUND 18 → Mac's Speed Shop
FOUND 12 → McHale's Pub
FOUND 11 → Mezzo Market
FOUND 11 → Midnight Diner
FOUND 12 → MOD Pizza
FOUND 12 → MOD Pizza
FOUND 12 → MOD Pizza
FOUND 12 → MOD Pizza
FOUND 10 → Moe's Southwest Grill
FOUND 10 → Moe's Southwest Grill
FOUND 11 → Muraya
FOUND 10 → Naf Naf Grill
FOUND 18 → North Italia
FOUND 11 → Paco's Tacos & Tequila
FOUND 11 → Papa John's
FOUND 11 → Papa John's
FOUND 11 → Papa John's
FOUND 11 → Papa John's
FOUND 11 → Papa John's
FOUND 11 → Papa John's
FOUND 11 → Papa John's
FOUND 11 → Papa John's
FOUND 13 → PARA
FOUND 10 → Passage to India Indian Cuisine
FOUND 12 → Pizza Hut
FOUND 12 → Pizza Hut
FOUND 12 → Pizza Hut
FOUND 12 → Pizza Hut
FOUND 12 → Pizza Hut
FOUND 12 → Pizza Hut
FOUND 12 → Pizza Hut
FOUND 12 → Pizza Hut
FOUND 11 → Pizzeria Sapienza CLT
FOUND 25 → Popeyes
FOUND 25 → Popeyes
FOUND 25 → Popeyes
FOUND 10 → Providence Road Sundries
FOUND 14 → Puerta
FOUND 10 → Qdoba
FOUND 10 → Qdoba
FOUND 10 → Qdoba
FOUND 10 → Qdoba
FOUND 18 → Que Onda — Plaza Midwood
FOUND 12 → Rosemont
FOUND 12 → Rosie's Coffee & Wine Garden
FOUND 11 → Ru San's
FOUND 10 → Salata Salad Kitchen
FOUND 13 → Seoul Poke Bowl
FOUND 13 → Showmars
FOUND 25 → Smashburger
FOUND 11 → Smoothie King
FOUND 13 → Southern Strain Brewing Company
FOUND 10 → Starbucks
FOUND 10 → Starbucks
FOUND 10 → Starbucks
FOUND 10 → Starbucks
FOUND 10 → Starbucks
FOUND 10 → Starbucks
FOUND 10 → Starbucks
FOUND 10 → Starbucks
FOUND 10 → Starbucks
FOUND 10 → Starbucks
FOUND 10 → Starbucks
FOUND 10 → Starbucks
FOUND 10 → Starbucks
FOUND 10 → Starbucks
FOUND 10 → Starbucks
FOUND 10 → Starbucks
FOUND 10 → Starbucks
FOUND 10 → Starbucks
FOUND 10 → Starbucks
FOUND 10 → Starbucks
FOUND 10 → Starbucks
FOUND 10 → Starbucks
FOUND 10 → Starbucks
FOUND 10 → Starbucks
FOUND 10 → Starbucks
FOUND 10 → Starbucks
FOUND 10 → Starbucks
FOUND 10 → Starbucks
FOUND 10 → Starbucks
FOUND 10 → Starbucks
FOUND 10 → Starbucks
FOUND 10 → Starbucks
FOUND 10 → Starbucks
FOUND 10 → Starbucks
FOUND 10 → Starbucks
FOUND 10 → Subway
FOUND 10 → Subway
FOUND 10 → Subway
FOUND 10 → Subway
FOUND 10 → Subway
FOUND 10 → Subway
FOUND 10 → Subway
FOUND 10 → Subway
FOUND 10 → Subway
FOUND 10 → Subway
FOUND 10 → Subway
FOUND 10 → Subway
FOUND 10 → Subway
FOUND 10 → Subway
FOUND 10 → Subway
FOUND 10 → Subway
FOUND 10 → Subway
FOUND 10 → Subway
FOUND 12 → Suffolk Punch Brewing
FOUND 14 → Supperclub
FOUND 12 → Taco Bell
FOUND 11 → Taco Bell
FOUND 11 → Taco Bell
FOUND 12 → Taco Bell
FOUND 11 → Taco Bell
FOUND 12 → Taco Bell
FOUND 12 → Taco Bell
FOUND 11 → Taco Bell
FOUND 11 → Taco Bell
FOUND 12 → Taco Bell
FOUND 11 → Taco Bell
FOUND 10 → Taco Bell
FOUND 11 → Taco Bell
FOUND 10 → Tacos 4 Life
FOUND 25 → TGI Friday's
FOUND 25 → TGI Fridays
FOUND 25 → TGI Fridays
FOUND 20 → The Crunkleton
FOUND 12 → The Kilted Buffalo
FOUND 19 → The Music Yard
FOUND 14 → The People's Market - Elizabeth
FOUND 14 → The People's Market - Selwyn
FOUND 14 → The Public House
FOUND 10 → The Salty Donut
FOUND 15 → The Wine Loft
FOUND 10 → Veltree Vegan Restaurant
FOUND 10 → Waffle House
FOUND 10 → Waffle House
FOUND 10 → Waffle House
FOUND 10 → Waffle House
FOUND 10 → Waffle House
FOUND 16 → Wendy's
FOUND 16 → Wendy's
FOUND 16 → Wendy's
FOUND 16 → Wendy's
FOUND 16 → Wendy's
FOUND 16 → Wendy's
FOUND 16 → Wendy's
FOUND 16 → Wendy's
FOUND 16 → Wendy's
FOUND 16 → Wendy's
FOUND 16 → Wendy's
FOUND 16 → Wendy's
FOUND 16 → Wendy's
FOUND 16 → Wendy's
FOUND 16 → Wendy's
FOUND 16 → Wendy's
FOUND 16 → Wendy's
FOUND 16 → Wendy's
FOUND 16 → Wendy's
FOUND 12 → Wheelz Pizza
FOUND 14 → Wing King Cafe
FOUND 10 → Zapata's Cantina Mexican Restaurant
