NONE: (Unnamed)
NONE: (Unnamed)
NONE: (Unnamed)
NONE: (Unnamed)
NONE: (Unnamed)
NONE: (Unnamed)
SKIP (no html): (Unnamed) -> https://www.phatburrito.com/specials
SKIP (no html): (Unnamed) -> https://www.phatburrito.com/deals
SKIP (no html): (Unnamed) -> https://www.phatburrito.com/happy-hour
SKIP (no html): (Unnamed) -> https://www.phatburrito.com/happyhour
SKIP (no html): (Unnamed) -> https://www.phatburrito.com/menu
SKIP (no html): (Unnamed) -> https://www.phatburrito.com/menus
FOUND 3: (Unnamed)
NONE: & Coffee
NONE: 1897 Market
NONE: 1900 Mexican
NONE: 1900 Mexican Grill
NONE: 204 North
NONE: 300 East
NONE: 37 Sol
NONE: 500 Degrees New York Style Pizzeria
NONE: 7th Restaurant & Lounge
NONE: 88 China Bistro
NONE: A Piece of Havana
NONE: Abugida
NONE: Açaí Bowl Smoothie
NONE: Ace No. 3
NONE: ACE No. 3 Belmont Village
NONE: Adisil
NONE: Akhana Asian Bistro
NONE: Akropolis Cafe
SKIP (no html): Alexander Michael's -> https://almikestavern.com/specials
SKIP (no html): Alexander Michael's -> https://almikestavern.com/deals
SKIP (no html): Alexander Michael's -> https://almikestavern.com/happy-hour
SKIP (no html): Alexander Michael's -> https://almikestavern.com/happyhour
SKIP (no html): Alexander Michael's -> https://almikestavern.com/menu
SKIP (no html): Alexander Michael's -> https://almikestavern.com/menus
FOUND 2: Alexander Michael's
NONE: All American Pub
FOUND 5: Alpha Omega Grill & Pizzeria
NONE: Amalfi's Pizza 'n' Pasta
NONE: Amazing Wok
NONE: Amelie's French Bakery and Cafe
NONE: Amelie’s French Bakery and Cafe
NONE: America's Best Wings
NONE: American Burger
NONE: American Deli
NONE: American Deli
NONE: American Roadside Burgers
NONE: Angeline's
NONE: Angry Ale's
NONE: Anita’s Mexican Grill
NONE: Anzi's Pizza
FOUND 5: Applebee's
NONE: Arby's
NONE: Arby's
NONE: Arby's
NONE: Arby's
NONE: Arby's
NONE: Arby's
NONE: Arby's
NONE: Arby's
NONE: Aria
NONE: Armored Cow Brewing Co.
NONE: Aroma
NONE: Auntie Anne's
NONE: Auntie Anne's
NONE: Ava Pizza
NONE: Azteca
NONE: Azteca Mexican Resturant
NONE: B.Good
NONE: Babaloo Coffee Club
NONE: BACHI
NONE: Bad Daddy's
NONE: Bad Daddy's
NONE: Bad Daddy's Burger Bar
NONE: Bakersfield
NONE: Baku
NONE: Bang Bang Burgers
NONE: Bang Bang Burgers
NONE: Bánh Mì & Tea Company
SKIP (no html): Banh Mi Brothers -> https://www.banhmibrothers.com/specials
SKIP (no html): Banh Mi Brothers -> https://www.banhmibrothers.com/deals
SKIP (no html): Banh Mi Brothers -> https://www.banhmibrothers.com/happy-hour
SKIP (no html): Banh Mi Brothers -> https://www.banhmibrothers.com/happyhour
SKIP (no html): Banh Mi Brothers -> https://www.banhmibrothers.com/menu
SKIP (no html): Banh Mi Brothers -> https://www.banhmibrothers.com/menus
FOUND 2: Banh Mi Brothers
NONE: Bankers Kitchen
NONE: Bankers Raw Bar
NONE: Bao & Broth
NONE: Baoding
NONE: Bar-B-Q King
NONE: Barcelona Wine Bar
NONE: Bargarita
NONE: Basil Thai Cuisine
NONE: Beach Bites
NONE: Bean Vegan Cuisine
NONE: Beatrix Market
NONE: Beef 'N Bottle Steakhouse
NONE: Bella Fresco Mediterranean
NONE: Benny Pennello’s
NONE: Bibim
NONE: Biblio
NONE: Big Ben Pub
NONE: Big View Diner
NONE: Bikini's
NONE: Billy Jack's Shack
NONE: Billy Sunday
NONE: Bird Pizzeria
NONE: Birdsong Brewing Company
NONE: Biryani Nation
NONE: Bisonte Pizza Company
NONE: Bitty & Beau's Coffee
NONE: Black Moth Bar
NONE: Blasian Asian Way
NONE: Blaze Pizza
NONE: Blow Dry Bar
SKIP (no html): Boardwalk Billy's -> https://boardwalkbillys.com/specials
SKIP (no html): Boardwalk Billy's -> https://boardwalkbillys.com/deals
SKIP (no html): Boardwalk Billy's -> https://boardwalkbillys.com/happy-hour
SKIP (no html): Boardwalk Billy's -> https://boardwalkbillys.com/happyhour
SKIP (no html): Boardwalk Billy's -> https://boardwalkbillys.com/menu
SKIP (no html): Boardwalk Billy's -> https://boardwalkbillys.com/menus
NONE: Boardwalk Billy's
NONE: Bob Evans
NONE: Bob's Carry Out
NONE: Bodrick’s BBQ
NONE: Boiling Pot
SKIP (no html): Bojangles' -> https://locations.bojangles.com/specials
SKIP (no html): Bojangles' -> https://locations.bojangles.com/deals
SKIP (no html): Bojangles' -> https://locations.bojangles.com/happy-hour
SKIP (no html): Bojangles' -> https://locations.bojangles.com/happyhour
SKIP (no html): Bojangles' -> https://locations.bojangles.com/menu
SKIP (no html): Bojangles' -> https://locations.bojangles.com/menus
NONE: Bojangles'
SKIP (no html): Bojangles' -> https://locations.bojangles.com/specials
SKIP (no html): Bojangles' -> https://locations.bojangles.com/deals
SKIP (no html): Bojangles' -> https://locations.bojangles.com/happy-hour
SKIP (no html): Bojangles' -> https://locations.bojangles.com/happyhour
SKIP (no html): Bojangles' -> https://locations.bojangles.com/menu
SKIP (no html): Bojangles' -> https://locations.bojangles.com/menus
NONE: Bojangles'
SKIP (no html): Bojangles' -> https://locations.bojangles.com/specials
SKIP (no html): Bojangles' -> https://locations.bojangles.com/deals
SKIP (no html): Bojangles' -> https://locations.bojangles.com/happy-hour
SKIP (no html): Bojangles' -> https://locations.bojangles.com/happyhour
SKIP (no html): Bojangles' -> https://locations.bojangles.com/menu
SKIP (no html): Bojangles' -> https://locations.bojangles.com/menus
NONE: Bojangles'
SKIP (no html): Bojangles' -> https://locations.bojangles.com/specials
SKIP (no html): Bojangles' -> https://locations.bojangles.com/deals
SKIP (no html): Bojangles' -> https://locations.bojangles.com/happy-hour
SKIP (no html): Bojangles' -> https://locations.bojangles.com/happyhour
SKIP (no html): Bojangles' -> https://locations.bojangles.com/menu
SKIP (no html): Bojangles' -> https://locations.bojangles.com/menus
NONE: Bojangles'
SKIP (no html): Bojangles' -> https://locations.bojangles.com/specials
SKIP (no html): Bojangles' -> https://locations.bojangles.com/deals
SKIP (no html): Bojangles' -> https://locations.bojangles.com/happy-hour
SKIP (no html): Bojangles' -> https://locations.bojangles.com/happyhour
SKIP (no html): Bojangles' -> https://locations.bojangles.com/menu
SKIP (no html): Bojangles' -> https://locations.bojangles.com/menus
NONE: Bojangles'
SKIP (no html): Bojangles' -> https://locations.bojangles.com/specials
SKIP (no html): Bojangles' -> https://locations.bojangles.com/deals
SKIP (no html): Bojangles' -> https://locations.bojangles.com/happy-hour
SKIP (no html): Bojangles' -> https://locations.bojangles.com/happyhour
SKIP (no html): Bojangles' -> https://locations.bojangles.com/menu
SKIP (no html): Bojangles' -> https://locations.bojangles.com/menus
NONE: Bojangles'
SKIP (no html): Bojangles' -> https://locations.bojangles.com/specials
SKIP (no html): Bojangles' -> https://locations.bojangles.com/deals
SKIP (no html): Bojangles' -> https://locations.bojangles.com/happy-hour
SKIP (no html): Bojangles' -> https://locations.bojangles.com/happyhour
SKIP (no html): Bojangles' -> https://locations.bojangles.com/menu
SKIP (no html): Bojangles' -> https://locations.bojangles.com/menus
NONE: Bojangles'
SKIP (no html): Bojangles' -> https://locations.bojangles.com/specials
SKIP (no html): Bojangles' -> https://locations.bojangles.com/deals
SKIP (no html): Bojangles' -> https://locations.bojangles.com/happy-hour
SKIP (no html): Bojangles' -> https://locations.bojangles.com/happyhour
SKIP (no html): Bojangles' -> https://locations.bojangles.com/menu
SKIP (no html): Bojangles' -> https://locations.bojangles.com/menus
NONE: Bojangles'
SKIP (no html): Bojangles' -> https://locations.bojangles.com/specials
SKIP (no html): Bojangles' -> https://locations.bojangles.com/deals
SKIP (no html): Bojangles' -> https://locations.bojangles.com/happy-hour
SKIP (no html): Bojangles' -> https://locations.bojangles.com/happyhour
SKIP (no html): Bojangles' -> https://locations.bojangles.com/menu
SKIP (no html): Bojangles' -> https://locations.bojangles.com/menus
NONE: Bojangles'
SKIP (no html): Bojangles' -> https://locations.bojangles.com/specials
SKIP (no html): Bojangles' -> https://locations.bojangles.com/deals
SKIP (no html): Bojangles' -> https://locations.bojangles.com/happy-hour
SKIP (no html): Bojangles' -> https://locations.bojangles.com/happyhour
SKIP (no html): Bojangles' -> https://locations.bojangles.com/menu
SKIP (no html): Bojangles' -> https://locations.bojangles.com/menus
NONE: Bojangles'
SKIP (no html): Bojangles' -> https://locations.bojangles.com/specials
SKIP (no html): Bojangles' -> https://locations.bojangles.com/deals
SKIP (no html): Bojangles' -> https://locations.bojangles.com/happy-hour
SKIP (no html): Bojangles' -> https://locations.bojangles.com/happyhour
SKIP (no html): Bojangles' -> https://locations.bojangles.com/menu
SKIP (no html): Bojangles' -> https://locations.bojangles.com/menus
NONE: Bojangles'
SKIP (no html): Bojangles' -> https://locations.bojangles.com/specials
SKIP (no html): Bojangles' -> https://locations.bojangles.com/deals
SKIP (no html): Bojangles' -> https://locations.bojangles.com/happy-hour
SKIP (no html): Bojangles' -> https://locations.bojangles.com/happyhour
SKIP (no html): Bojangles' -> https://locations.bojangles.com/menu
SKIP (no html): Bojangles' -> https://locations.bojangles.com/menus
NONE: Bojangles'
SKIP (no html): Bojangles' -> https://locations.bojangles.com/specials
SKIP (no html): Bojangles' -> https://locations.bojangles.com/deals
SKIP (no html): Bojangles' -> https://locations.bojangles.com/happy-hour
SKIP (no html): Bojangles' -> https://locations.bojangles.com/happyhour
SKIP (no html): Bojangles' -> https://locations.bojangles.com/menu
SKIP (no html): Bojangles' -> https://locations.bojangles.com/menus
NONE: Bojangles'
SKIP (no html): Bojangles' -> https://locations.bojangles.com/specials
SKIP (no html): Bojangles' -> https://locations.bojangles.com/deals
SKIP (no html): Bojangles' -> https://locations.bojangles.com/happy-hour
SKIP (no html): Bojangles' -> https://locations.bojangles.com/happyhour
SKIP (no html): Bojangles' -> https://locations.bojangles.com/menu
SKIP (no html): Bojangles' -> https://locations.bojangles.com/menus
NONE: Bojangles'
SKIP (no html): Bojangles' -> https://locations.bojangles.com/specials
SKIP (no html): Bojangles' -> https://locations.bojangles.com/deals
SKIP (no html): Bojangles' -> https://locations.bojangles.com/happy-hour
SKIP (no html): Bojangles' -> https://locations.bojangles.com/happyhour
SKIP (no html): Bojangles' -> https://locations.bojangles.com/menu
SKIP (no html): Bojangles' -> https://locations.bojangles.com/menus
NONE: Bojangles'
NONE: Bojangles'
SKIP (no html): Bojangles' -> https://locations.bojangles.com/specials
SKIP (no html): Bojangles' -> https://locations.bojangles.com/deals
SKIP (no html): Bojangles' -> https://locations.bojangles.com/happy-hour
SKIP (no html): Bojangles' -> https://locations.bojangles.com/happyhour
SKIP (no html): Bojangles' -> https://locations.bojangles.com/menu
SKIP (no html): Bojangles' -> https://locations.bojangles.com/menus
NONE: Bojangles'
SKIP (no html): Bojangles' -> https://locations.bojangles.com/specials
SKIP (no html): Bojangles' -> https://locations.bojangles.com/deals
SKIP (no html): Bojangles' -> https://locations.bojangles.com/happy-hour
SKIP (no html): Bojangles' -> https://locations.bojangles.com/happyhour
SKIP (no html): Bojangles' -> https://locations.bojangles.com/menu
SKIP (no html): Bojangles' -> https://locations.bojangles.com/menus
NONE: Bojangles'
SKIP (no html): Bojangles' -> https://locations.bojangles.com/specials
SKIP (no html): Bojangles' -> https://locations.bojangles.com/deals
SKIP (no html): Bojangles' -> https://locations.bojangles.com/happy-hour
SKIP (no html): Bojangles' -> https://locations.bojangles.com/happyhour
SKIP (no html): Bojangles' -> https://locations.bojangles.com/menu
SKIP (no html): Bojangles' -> https://locations.bojangles.com/menus
NONE: Bojangles'
SKIP (no html): Bojangles' -> https://locations.bojangles.com/specials
SKIP (no html): Bojangles' -> https://locations.bojangles.com/deals
SKIP (no html): Bojangles' -> https://locations.bojangles.com/happy-hour
SKIP (no html): Bojangles' -> https://locations.bojangles.com/happyhour
SKIP (no html): Bojangles' -> https://locations.bojangles.com/menu
SKIP (no html): Bojangles' -> https://locations.bojangles.com/menus
NONE: Bojangles'
SKIP (no html): Bojangles' -> https://locations.bojangles.com/specials
SKIP (no html): Bojangles' -> https://locations.bojangles.com/deals
SKIP (no html): Bojangles' -> https://locations.bojangles.com/happy-hour
SKIP (no html): Bojangles' -> https://locations.bojangles.com/happyhour
SKIP (no html): Bojangles' -> https://locations.bojangles.com/menu
SKIP (no html): Bojangles' -> https://locations.bojangles.com/menus
NONE: Bojangles'
SKIP (no html): Bojangles' -> https://locations.bojangles.com/specials
SKIP (no html): Bojangles' -> https://locations.bojangles.com/deals
SKIP (no html): Bojangles' -> https://locations.bojangles.com/happy-hour
SKIP (no html): Bojangles' -> https://locations.bojangles.com/happyhour
SKIP (no html): Bojangles' -> https://locations.bojangles.com/menu
SKIP (no html): Bojangles' -> https://locations.bojangles.com/menus
NONE: Bojangles'
SKIP (no html): Bojangles' -> https://locations.bojangles.com/specials
SKIP (no html): Bojangles' -> https://locations.bojangles.com/deals
SKIP (no html): Bojangles' -> https://locations.bojangles.com/happy-hour
SKIP (no html): Bojangles' -> https://locations.bojangles.com/happyhour
SKIP (no html): Bojangles' -> https://locations.bojangles.com/menu
SKIP (no html): Bojangles' -> https://locations.bojangles.com/menus
NONE: Bojangles'
SKIP (no html): Bojangles' -> https://locations.bojangles.com/specials
SKIP (no html): Bojangles' -> https://locations.bojangles.com/deals
SKIP (no html): Bojangles' -> https://locations.bojangles.com/happy-hour
SKIP (no html): Bojangles' -> https://locations.bojangles.com/happyhour
SKIP (no html): Bojangles' -> https://locations.bojangles.com/menu
SKIP (no html): Bojangles' -> https://locations.bojangles.com/menus
NONE: Bojangles'
SKIP (no html): Bojangles' -> https://locations.bojangles.com/specials
SKIP (no html): Bojangles' -> https://locations.bojangles.com/deals
SKIP (no html): Bojangles' -> https://locations.bojangles.com/happy-hour
SKIP (no html): Bojangles' -> https://locations.bojangles.com/happyhour
SKIP (no html): Bojangles' -> https://locations.bojangles.com/menu
SKIP (no html): Bojangles' -> https://locations.bojangles.com/menus
NONE: Bojangles'
NONE: Bojangles'
NONE: Bonefish Grill
NONE: Bop Bop
NONE: Borderline
NONE: Bossy Beulah's
NONE: Bossy Beulah's
NONE: Bossy Beulah's
NONE: Boston Market
NONE: Botiwalla
NONE: Boudreaux’s Louisiana Kitchen
NONE: Boxcar Bettys
NONE: Brawley's Beverage
NONE: Brazwells Pub
NONE: Brewers At 4001 Yancey
NONE: BrickTop's
NONE: Brigid's Irish Pub
SKIP (no html): Brixx Wood Fired Pizza -> https://brixxpizza.com/specials
SKIP (no html): Brixx Wood Fired Pizza -> https://brixxpizza.com/deals
SKIP (no html): Brixx Wood Fired Pizza -> https://brixxpizza.com/happy-hour
SKIP (no html): Brixx Wood Fired Pizza -> https://brixxpizza.com/happyhour
SKIP (no html): Brixx Wood Fired Pizza -> https://brixxpizza.com/menu
SKIP (no html): Brixx Wood Fired Pizza -> https://brixxpizza.com/menus
NONE: Brixx Wood Fired Pizza
SKIP (no html): Brixx Wood Fired Pizza -> https://brixxpizza.com/specials
SKIP (no html): Brixx Wood Fired Pizza -> https://brixxpizza.com/deals
SKIP (no html): Brixx Wood Fired Pizza -> https://brixxpizza.com/happy-hour
SKIP (no html): Brixx Wood Fired Pizza -> https://brixxpizza.com/happyhour
SKIP (no html): Brixx Wood Fired Pizza -> https://brixxpizza.com/menu
SKIP (no html): Brixx Wood Fired Pizza -> https://brixxpizza.com/menus
NONE: Brixx Wood Fired Pizza
NONE: Brooks' Sandwich House
NONE: Brookwood BBQ
NONE: Bruegger's Bagels
NONE: Bruegger's Bagels
NONE: Buffalo Wild Wings
NONE: Buffalo Wild Wings
NONE: Buffalo Wild Wings
NONE: Buffalo Wings
NONE: Buffalo Wings & Rings
NONE: Bulldog Taproom/Social
NONE: Buona Vita
NONE: Burger King
NONE: Burger King
NONE: Burger King
NONE: Burger King
NONE: Burger King
NONE: Burger King
NONE: Burger King
NONE: Burger King
NONE: Burger King
NONE: Burger King
NONE: Burger King
NONE: Burger King
NONE: Burger King
NONE: Burger King
NONE: BurgerIM
NONE: Burial Beer Co.
NONE: Burr & Berry Coffee
SKIP (no html): Burtons Grill & Bar of Charlotte -> https://burtonsgrill.com/specials
SKIP (no html): Burtons Grill & Bar of Charlotte -> https://burtonsgrill.com/deals
SKIP (no html): Burtons Grill & Bar of Charlotte -> https://burtonsgrill.com/happy-hour
FOUND 5: Burtons Grill & Bar of Charlotte
NONE: Bytes Cafe
NONE: Cabo Fish Taco
NONE: Cabo Fish Taco
NONE: Cabo Fish Taco — NoDa
NONE: Cabo's Mexican Cuisine & Cantina
NONE: Cafe Moka
NONE: Caffe Siena
NONE: Caffeto
FOUND 5: Cajun Queen
NONE: Cajun Yard Dog
FOUND 5: Cakeable Cafe
NONE: Cali Restaurant
NONE: Calle Sol Latin Café & Cevicheria
SKIP (no html): Canal Coffee Company -> https://canalcoffeecompany.com/specials
SKIP (no html): Canal Coffee Company -> https://canalcoffeecompany.com/deals
SKIP (no html): Canal Coffee Company -> https://canalcoffeecompany.com/happy-hour
SKIP (no html): Canal Coffee Company -> https://canalcoffeecompany.com/happyhour
SKIP (no html): Canal Coffee Company -> https://canalcoffeecompany.com/menus
NONE: Canal Coffee Company
NONE: Canopy Cocktails & Garden
NONE: Cantina 1511
NONE: Capishe
NONE: Capital Grille
NONE: Captain D's
NONE: Captain D's
NONE: Captain D's
NONE: Captain D's
NONE: Captain Jack's Tavern
NONE: Captain Steve's
NONE: Caribbean Hut
NONE: Caribou Coffee
NONE: Carmella's Pizza Grill
NONE: Carolina Beer Co.
NONE: Carolina Prime Restaurant And Steakhouse
NONE: Caroline's Oyster Bar
NONE: Carowinds Café
NONE: Carrabba's Italian Grill
NONE: Cast Iron Waffles
NONE: Caswell Station
NONE: Catalina Kitchen + Bar
NONE: Catalú
NONE: Catawba Brewing Co.
NONE: CAVA
NONE: CAVA
NONE: CAVA
NONE: Cava Digital Kitcheb
NONE: Cedar Street Tavern
NONE: Central Coffee
NONE: Chalice Cafe
NONE: Change Please
NONE: Chapter 6
NONE: Charbar no. 7
NONE: Charleys Philly Steaks
NONE: Charleys Philly Steaks
NONE: Charlotte Cafe
NONE: Chasers Nightclub
FOUND 5: Cheat's Cheesesteaks
NONE: Cheat's Cheesesteaks
NONE: Cheddar's
NONE: Chef Kwo
NONE: Cheif's Coffee & Cocktails
NONE: Cherry Blossom
NONE: Chex Grill & Wings
NONE: Chex Grill & Wings
NONE: Chick-fil-A
NONE: Chick-fil-A
NONE: Chick-fil-A
NONE: Chick-fil-A
NONE: Chick-fil-A
NONE: Chick-fil-A
NONE: Chick-fil-A
NONE: Chick-fil-A
NONE: Chick-fil-A
NONE: Chick-fil-A
NONE: Chick-fil-A
NONE: Chick-fil-A
NONE: Chick-fil-A
NONE: Chick-fil-A
NONE: Chick-fil-A
NONE: Chick-fil-A
NONE: Chick-fil-A
NONE: Chick-fil-A
NONE: Chick-fil-A
NONE: Chick-fil-A
NONE: Chick-fil-A
NONE: Chicken Box Cafe
NONE: Chicken King
NONE: Chicken King
NONE: Chicken King
NONE: Chicken Salad Chick
NONE: Chickie's & Pete's Sports Grill
NONE: Chili's
NONE: Chili's
NONE: Chili's
NONE: Chili's
NONE: Chili's
NONE: Chili's
NONE: Chili's
NONE: Chin Chin II
NONE: China Bowl
NONE: China Buffet
NONE: China Buffet
NONE: China Town
NONE: Chinese Fast Food
SKIP (no html): Chipotle -> https://locations.chipotle.com/specials
SKIP (no html): Chipotle -> https://locations.chipotle.com/deals
SKIP (no html): Chipotle -> https://locations.chipotle.com/happy-hour
SKIP (no html): Chipotle -> https://locations.chipotle.com/happyhour
SKIP (no html): Chipotle -> https://locations.chipotle.com/menu
SKIP (no html): Chipotle -> https://locations.chipotle.com/menus
FOUND 3: Chipotle
SKIP (no html): Chipotle -> https://locations.chipotle.com/specials
SKIP (no html): Chipotle -> https://locations.chipotle.com/deals
SKIP (no html): Chipotle -> https://locations.chipotle.com/happy-hour
SKIP (no html): Chipotle -> https://locations.chipotle.com/happyhour
SKIP (no html): Chipotle -> https://locations.chipotle.com/menu
SKIP (no html): Chipotle -> https://locations.chipotle.com/menus
FOUND 3: Chipotle
SKIP (no html): Chipotle -> https://locations.chipotle.com/specials
SKIP (no html): Chipotle -> https://locations.chipotle.com/deals
SKIP (no html): Chipotle -> https://locations.chipotle.com/happy-hour
SKIP (no html): Chipotle -> https://locations.chipotle.com/happyhour
SKIP (no html): Chipotle -> https://locations.chipotle.com/menu
SKIP (no html): Chipotle -> https://locations.chipotle.com/menus
FOUND 3: Chipotle
NONE: Chipotle
SKIP (no html): Chipotle -> https://locations.chipotle.com/specials
SKIP (no html): Chipotle -> https://locations.chipotle.com/deals
SKIP (no html): Chipotle -> https://locations.chipotle.com/happy-hour
SKIP (no html): Chipotle -> https://locations.chipotle.com/happyhour
SKIP (no html): Chipotle -> https://locations.chipotle.com/menu
SKIP (no html): Chipotle -> https://locations.chipotle.com/menus
FOUND 3: Chipotle
FOUND 5: Chipotle
SKIP (no html): Chipotle -> https://locations.chipotle.com/specials
SKIP (no html): Chipotle -> https://locations.chipotle.com/deals
SKIP (no html): Chipotle -> https://locations.chipotle.com/happy-hour
SKIP (no html): Chipotle -> https://locations.chipotle.com/happyhour
SKIP (no html): Chipotle -> https://locations.chipotle.com/menu
SKIP (no html): Chipotle -> https://locations.chipotle.com/menus
FOUND 3: Chipotle
SKIP (no html): Chipotle -> https://locations.chipotle.com/specials
SKIP (no html): Chipotle -> https://locations.chipotle.com/deals
SKIP (no html): Chipotle -> https://locations.chipotle.com/happy-hour
SKIP (no html): Chipotle -> https://locations.chipotle.com/happyhour
SKIP (no html): Chipotle -> https://locations.chipotle.com/menu
SKIP (no html): Chipotle -> https://locations.chipotle.com/menus
FOUND 3: Chipotle
SKIP (no html): Chipotle -> https://locations.chipotle.com/specials
SKIP (no html): Chipotle -> https://locations.chipotle.com/deals
SKIP (no html): Chipotle -> https://locations.chipotle.com/happy-hour
SKIP (no html): Chipotle -> https://locations.chipotle.com/happyhour
SKIP (no html): Chipotle -> https://locations.chipotle.com/menu
SKIP (no html): Chipotle -> https://locations.chipotle.com/menus
FOUND 3: Chipotle
SKIP (no html): Chipotle -> https://locations.chipotle.com/specials
SKIP (no html): Chipotle -> https://locations.chipotle.com/deals
SKIP (no html): Chipotle -> https://locations.chipotle.com/happy-hour
SKIP (no html): Chipotle -> https://locations.chipotle.com/happyhour
SKIP (no html): Chipotle -> https://locations.chipotle.com/menu
SKIP (no html): Chipotle -> https://locations.chipotle.com/menus
FOUND 3: Chipotle
SKIP (no html): Chipotle -> https://locations.chipotle.com/specials
SKIP (no html): Chipotle -> https://locations.chipotle.com/deals
SKIP (no html): Chipotle -> https://locations.chipotle.com/happy-hour
SKIP (no html): Chipotle -> https://locations.chipotle.com/happyhour
SKIP (no html): Chipotle -> https://locations.chipotle.com/menu
SKIP (no html): Chipotle -> https://locations.chipotle.com/menus
FOUND 3: Chipotle
SKIP (no html): Chipotle -> https://locations.chipotle.com/specials
SKIP (no html): Chipotle -> https://locations.chipotle.com/deals
SKIP (no html): Chipotle -> https://locations.chipotle.com/happy-hour
SKIP (no html): Chipotle -> https://locations.chipotle.com/happyhour
SKIP (no html): Chipotle -> https://locations.chipotle.com/menu
SKIP (no html): Chipotle -> https://locations.chipotle.com/menus
FOUND 3: Chipotle
NONE: Chopsticks
NONE: Chopt
NONE: Chopt
NONE: Chopt
NONE: Chubz Famous Chiliburgers
NONE: Chuck E. Cheese
NONE: Church & Union
SKIP (no html): Church's Chicken -> https://locations.churchs.com/specials
SKIP (no html): Church's Chicken -> https://locations.churchs.com/deals
SKIP (no html): Church's Chicken -> https://locations.churchs.com/happy-hour
SKIP (no html): Church's Chicken -> https://locations.churchs.com/happyhour
SKIP (no html): Church's Chicken -> https://locations.churchs.com/menu
SKIP (no html): Church's Chicken -> https://locations.churchs.com/menus
FOUND 4: Church's Chicken
SKIP (no html): Church's Chicken -> https://locations.churchs.com/nc/charlotte/1735-w-trade-street
SKIP (no html): Church's Chicken -> https://locations.churchs.com/specials
SKIP (no html): Church's Chicken -> https://locations.churchs.com/deals
SKIP (no html): Church's Chicken -> https://locations.churchs.com/happy-hour
SKIP (no html): Church's Chicken -> https://locations.churchs.com/happyhour
SKIP (no html): Church's Chicken -> https://locations.churchs.com/menu
SKIP (no html): Church's Chicken -> https://locations.churchs.com/menus
NONE: Church's Chicken
SKIP (no html): Church's Chicken -> https://locations.churchs.com/specials
SKIP (no html): Church's Chicken -> https://locations.churchs.com/deals
SKIP (no html): Church's Chicken -> https://locations.churchs.com/happy-hour
SKIP (no html): Church's Chicken -> https://locations.churchs.com/happyhour
SKIP (no html): Church's Chicken -> https://locations.churchs.com/menu
SKIP (no html): Church's Chicken -> https://locations.churchs.com/menus
FOUND 4: Church's Chicken
NONE: Chuy's
NONE: Ciao Gourmet Market
NONE: Cicchetti
NONE: Cicis
NONE: Cilantro Noodle
NONE: Cinnabon
FOUND 5: Circle K / Wendy's
NONE: Ciro's Italian Restaurant
NONE: City Barbecue
NONE: City Barbeque
NONE: Clark's Snack Bar
NONE: Clean Eatz Express
NONE: Clean Juice
NONE: Clean Juice
NONE: Club House
NONE: CO
NONE: Coasters Associate Cafe
NONE: Coco and the Director
NONE: Cocos Locos
NONE: Coffee at Station West
NONE: Coffee Cone Cafe
NONE: Comet Grill
NONE: Common Market - Oakwold
NONE: Commonspace
NONE: Como en Mexico
NONE: Condado Tacos
NONE: Cook Out
NONE: Cook Out
NONE: Cook Out
NONE: Cook Out
NONE: Coquette
NONE: Corner Cafe and Catering
NONE: Corner Pub
NONE: Counter-
NONE: County Fair Funnel Cakes
SKIP (no html): Cowbell Burger & Whiskey Bar -> https://eatmorecowbell.com/specials
SKIP (no html): Cowbell Burger & Whiskey Bar -> https://eatmorecowbell.com/deals
SKIP (no html): Cowbell Burger & Whiskey Bar -> https://eatmorecowbell.com/happy-hour
SKIP (no html): Cowbell Burger & Whiskey Bar -> https://eatmorecowbell.com/happyhour
SKIP (no html): Cowbell Burger & Whiskey Bar -> https://eatmorecowbell.com/menus
FOUND 1: Cowbell Burger & Whiskey Bar
NONE: Cowfish Sushi. Burger. Bar
NONE: Crab Du Jour UNCC Cajun Seafood & Bar
NONE: Cracker Barrel
NONE: Crackin' Crawfish
NONE: Craft Growler Shop & Tasting Room
NONE: Crafty Crab
NONE: Crav’n Caribbean
NONE: Crave Dessert Bar
NONE: Crave Hot Dogs & BBQ
NONE: Crispy Crepe
NONE: Crispy Patty
NONE: Crown Point Crabhouse
NONE: Crown Station
NONE: Crown Station
NONE: Crunch Bistro
FOUND 5: Culver's
NONE: CupLux Coffee Drive-Thru
NONE: Curry Gate
NONE: Cypress
SKIP (no html): Da Vinci's Pizza -> https://davincispizza.me/specials
SKIP (no html): Da Vinci's Pizza -> https://davincispizza.me/deals
SKIP (no html): Da Vinci's Pizza -> https://davincispizza.me/happy-hour
SKIP (no html): Da Vinci's Pizza -> https://davincispizza.me/happyhour
SKIP (no html): Da Vinci's Pizza -> https://davincispizza.me/menu
SKIP (no html): Da Vinci's Pizza -> https://davincispizza.me/menus
FOUND 3: Da Vinci's Pizza
NONE: Daily Mews Cat Cafe
NONE: Dairy Queen
NONE: Dairy Queen
NONE: Dairy Queen
NONE: Dandelion Market
NONE: Dave's Hot Chicken
FOUND 5: Dave's Hot Chicken
NONE: Dean's Italian Steakhouse
NONE: Deejai
NONE: Delta Sky Club
NONE: Deluxe Fun Dining
NONE: Denny's
NONE: DeSano Pizzeria Napoletana
NONE: Diamond Restaurant
NONE: Dickey's BBQ Pit
NONE: Dilworth Neighborhood Grille
NONE: Dilworth Tasting Room
NONE: Dish
NONE: Divine Barrel Brewing
NONE: Dog Bar - Charlotte
NONE: Dogwood Southern Table
NONE: Dom's Dive Bar
FOUND 5: Domino's
NONE: Domino's
FOUND 5: Domino's
FOUND 5: Domino's
FOUND 5: Domino's
FOUND 5: Domino's
FOUND 5: Domino's
FOUND 5: Domino's
FOUND 5: Domino's
FOUND 5: Domino's
NONE: Domino's
NONE: Domino's
NONE: Domino's Pizza
NONE: Don Pedro Mexican
NONE: Don Pedro Mexican Restaurant
NONE: Dos Caminos
NONE: Dot Dot Dot
NONE: DQ Grill & Chill
NONE: Dram & Draught
NONE: Draught
NONE: Dressler's
NONE: Duck Donuts
NONE: Duckworth’s
NONE: Duckworth's Grill & Taphouse
NONE: Due Amici Pizza
FOUND 5: Dunkin
FOUND 5: Dunkin'
FOUND 5: Dunkin'
FOUND 5: Dunkin'
FOUND 5: Dunkin'
FOUND 5: Dunkin'
FOUND 5: Dunkin'
FOUND 5: Dunkin'
FOUND 5: Dunkin'
FOUND 5: Dunkin'
FOUND 5: Dunkin'
FOUND 5: Dunkin'
NONE: Dunkin'
FOUND 5: Dunkin'
FOUND 5: Dunkin'
NONE: Dunkin'
FOUND 5: Dunkin'
FOUND 5: Dunkin'
NONE: Dunkin' Express
NONE: Dyad Coffee
NONE: Early Girl Eatery
NONE: East Coast Wings + Grill
NONE: East Coast Wings +Grill
NONE: Easy Like Sunday
NONE: Ed's Tavern
FOUND 5: Eddie's Place
NONE: Eden of Plaza
NONE: Edge City Brewery
NONE: Edomae Sushi & Hibachi
NONE: Eggroll Company
NONE: Eggroll Company
SKIP (no html): Einstein Bros. Bagels -> https://locations.einsteinbros.com/specials
SKIP (no html): Einstein Bros. Bagels -> https://locations.einsteinbros.com/deals
SKIP (no html): Einstein Bros. Bagels -> https://locations.einsteinbros.com/happy-hour
SKIP (no html): Einstein Bros. Bagels -> https://locations.einsteinbros.com/happyhour
SKIP (no html): Einstein Bros. Bagels -> https://locations.einsteinbros.com/menu
SKIP (no html): Einstein Bros. Bagels -> https://locations.einsteinbros.com/menus
FOUND 3: Einstein Bros. Bagels
SKIP (no html): Einstein Bros. Bagels -> https://locations.einsteinbros.com/specials
SKIP (no html): Einstein Bros. Bagels -> https://locations.einsteinbros.com/deals
SKIP (no html): Einstein Bros. Bagels -> https://locations.einsteinbros.com/happy-hour
SKIP (no html): Einstein Bros. Bagels -> https://locations.einsteinbros.com/happyhour
SKIP (no html): Einstein Bros. Bagels -> https://locations.einsteinbros.com/menu
SKIP (no html): Einstein Bros. Bagels -> https://locations.einsteinbros.com/menus
NONE: Einstein Bros. Bagels
SKIP (no html): Einstein Bros. Bagels -> https://locations.einsteinbros.com/specials
SKIP (no html): Einstein Bros. Bagels -> https://locations.einsteinbros.com/deals
SKIP (no html): Einstein Bros. Bagels -> https://locations.einsteinbros.com/happy-hour
SKIP (no html): Einstein Bros. Bagels -> https://locations.einsteinbros.com/happyhour
SKIP (no html): Einstein Bros. Bagels -> https://locations.einsteinbros.com/menu
SKIP (no html): Einstein Bros. Bagels -> https://locations.einsteinbros.com/menus
NONE: Einstein Bros. Bagels
SKIP (no html): Einstein Bros. Bagels -> https://locations.einsteinbros.com/specials
SKIP (no html): Einstein Bros. Bagels -> https://locations.einsteinbros.com/deals
SKIP (no html): Einstein Bros. Bagels -> https://locations.einsteinbros.com/happy-hour
SKIP (no html): Einstein Bros. Bagels -> https://locations.einsteinbros.com/happyhour
SKIP (no html): Einstein Bros. Bagels -> https://locations.einsteinbros.com/menu
SKIP (no html): Einstein Bros. Bagels -> https://locations.einsteinbros.com/menus
FOUND 3: Einstein Bros. Bagels
NONE: El Buen Gusto
NONE: El Malo Tacos
NONE: El Paisano Restaurant
NONE: El Puro
NONE: El Taco Veloz
NONE: El Thrifty
NONE: Elizabeth Parlour Room
NONE: Elsewhere
NONE: Emmy Squared Pizza
NONE: Empress of China
NONE: Enat Ethiopian
NONE: Essex Bar & Bistro
NONE: Everest Bistro
NONE: Exotica
NONE: Explorer Lounge
NONE: FABO Coffee Art Bar
NONE: Fair Fries
NONE: Famous Toastery
NONE: Farley's Pizzeria
NONE: Fat Cat Burgers1
NONE: Felix's Empanadas
NONE: Fenwick's
NONE: Fiamma Ristorante
NONE: Figo36
NONE: Finale Pizza
NONE: Firehouse Subs
NONE: Firehouse Subs
NONE: Firehouse Subs
NONE: First in Flight Bar
NONE: First Watch
NONE: First Watch
NONE: Fitzgerald's Irish Pub
NONE: Five Guys
NONE: Five Guys
NONE: Five Guys
NONE: Five Guys
NONE: Five Guys
NONE: Five Guys
NONE: Five Guys
NONE: Five Guys
NONE: Five Guys
NONE: Five Guys
NONE: Five Guys
NONE: Fleming's
NONE: Flip'n Chicken
NONE: Flower Child
NONE: Flower Child
NONE: Flying Biscuit Cafe
NONE: Folia
NONE: Fonta Flora
NONE: Fortune Cookie III
NONE: Fortune Cookie V
NONE: Founders' Hall
NONE: Fox & Hound English Pub
NONE: Foxcroft Wine Co.
NONE: Freddy's
NONE: Free Range Brewing
NONE: Free Range Brewing
NONE: Freemore Tavern
NONE: French Quarter Restaurant
NONE: Fresh Monkee
NONE: Freshwaters Southern New Orleans
NONE: Fu Lin
NONE: Fuel Pizza
NONE: Fuel Pizza
NONE: Fuji Hibachi & Teriyaki
NONE: Fuji Steakhouse
NONE: Funnel Cake Emporium
NONE: Fusion Lounge
NONE: Fuzzy's Taco Shop
NONE: Geno D’s Pizza
FOUND 5: Gilde Brewery
NONE: Ginbu 401
NONE: Golden Coast
NONE: Golden Corral
NONE: Golden Corral
NONE: Golden Krust
NONE: Gong Cha
NONE: Good Food on Montford
NONE: Great American Cookies
NONE: Great Harvest Bread Co.
NONE: Great Wall of China
NONE: Great Wok
NONE: Greco Fresh Grille
NONE: Gréco Fresh Grille
NONE: Green Brothers
NONE: Green Brothers
NONE: Green Brothers Juice & Smoothie
NONE: Greenway Restaurant
NONE: Greystone Pub
NONE: Grinning Mule
NONE: Growler's Pourhouse
NONE: Gyu-Kaku
NONE: Halal Food Cart
NONE: Halal Street Food
NONE: Halo
NONE: Hanaya Garden Japanese Grill
NONE: Hangry Joe's Hot Chicken
NONE: Haraz Coffee House
NONE: Haraz Coffee House
NONE: Harbour House
NONE: Hardee's
NONE: Hardee's
NONE: Harriet's Hamburgers
NONE: Harriet's Hamburgers
NONE: Harry's Grille & Tavern
NONE: Hasaki Grill & Sushi
NONE: Hattie's Tap & Tavern
NONE: Hawkers
NONE: Hawthorne's New York Pizza
NONE: Hawthorne's NY Pizza & Bar
NONE: Hawthorne's Pizza
NONE: HC Burger Company
NONE: Heist Brewery
NONE: Heist Brewery
NONE: Helles and Dunkel
NONE: Hibachi Express
NONE: Hibachi Grill
NONE: Hickory Tavern
NONE: Hickory Tavern
NONE: Higher Grounds
NONE: Hillside Caribbean Cuisine
NONE: Hissho
NONE: Hissho Sushi
NONE: Ho Ho Cherry House
NONE: Honest Indian Vegetarian Restaurant
NONE: Honey Baked Ham
NONE: Honey Baked Ham
NONE: Hooters
NONE: HopFly Brewing Co.
NONE: Hot Shop Grill
NONE: HOUSE OF LENG
NONE: House of Pizza
NONE: Hubee D's
NONE: Humbug
NONE: Hunan Express Chinese Restaurant
NONE: Hungry Howie's
NONE: Hwy 55 Burgers Shakes & Fries
NONE: Hyde Brewery
NONE: Ichiban
NONE: IHOP
NONE: IHOP
FOUND 5: IHOP
FOUND 5: IHOP
NONE: iJava
NONE: IKEA Café
SKIP (no html): Ilios Crafted Greek -> https://ilioscraftedgreek.com/specials
SKIP (no html): Ilios Crafted Greek -> https://ilioscraftedgreek.com/deals
SKIP (no html): Ilios Crafted Greek -> https://ilioscraftedgreek.com/happy-hour
SKIP (no html): Ilios Crafted Greek -> https://ilioscraftedgreek.com/happyhour
SKIP (no html): Ilios Crafted Greek -> https://ilioscraftedgreek.com/menu
SKIP (no html): Ilios Crafted Greek -> https://ilioscraftedgreek.com/menus
NONE: Ilios Crafted Greek
SKIP (no html): Ilios Crafted Greek -> https://ilioscraftedgreek.com/specials
SKIP (no html): Ilios Crafted Greek -> https://ilioscraftedgreek.com/deals
SKIP (no html): Ilios Crafted Greek -> https://ilioscraftedgreek.com/happy-hour
SKIP (no html): Ilios Crafted Greek -> https://ilioscraftedgreek.com/happyhour
SKIP (no html): Ilios Crafted Greek -> https://ilioscraftedgreek.com/menu
SKIP (no html): Ilios Crafted Greek -> https://ilioscraftedgreek.com/menus
NONE: Ilios Crafted Greek
SKIP (no html): Ilios Crafted Greek -> https://ilioscraftedgreek.com/
SKIP (no html): Ilios Crafted Greek -> https://ilioscraftedgreek.com/specials
SKIP (no html): Ilios Crafted Greek -> https://ilioscraftedgreek.com/deals
SKIP (no html): Ilios Crafted Greek -> https://ilioscraftedgreek.com/happy-hour
SKIP (no html): Ilios Crafted Greek -> https://ilioscraftedgreek.com/happyhour
SKIP (no html): Ilios Crafted Greek -> https://ilioscraftedgreek.com/menu
SKIP (no html): Ilios Crafted Greek -> https://ilioscraftedgreek.com/menus
NONE: Ilios Crafted Greek
NONE: Ilios Noche Restaurant
NONE: Inizio Pizza Napoletana
NONE: Ink n Ivey
NONE: Innovation Bistro
NONE: Intermezzo
NONE: Iron Dish Korean BBQ
NONE: Ishi
NONE: Island Fin Poké Company
FOUND 5: Jack in the Box
FOUND 5: Jack in the Box
SKIP (no html): Jack in the Box -> https://locations.jackinthebox.com/us/nc/charlotte/337-westinghouse-blvd
SKIP (no html): Jack in the Box -> https://locations.jackinthebox.com/specials
SKIP (no html): Jack in the Box -> https://locations.jackinthebox.com/deals
SKIP (no html): Jack in the Box -> https://locations.jackinthebox.com/happy-hour
SKIP (no html): Jack in the Box -> https://locations.jackinthebox.com/happyhour
SKIP (no html): Jack in the Box -> https://locations.jackinthebox.com/menu
SKIP (no html): Jack in the Box -> https://locations.jackinthebox.com/menus
NONE: Jack in the Box
NONE: Jack in the Box
FOUND 5: Jack in the Box
FOUND 5: Jack in the Box
NONE: Jack's
NONE: Jack's House
NONE: Jackalope Jacks
FOUND 5: JackBeagle's
FOUND 5: Jamba
NONE: Jamba
FOUND 5: Jamba
NONE: Jasmine Buffet
NONE: Jasmine Grill
NONE: Jasmine Grill and Kabab
NONE: Jason's Deli
NONE: Jazzy Cheesecakes
NONE: Jersey Mike's Subs
NONE: Jersey Mike's Subs
NONE: Jersey Mike's Subs
NONE: Jerusalem Café
NONE: Jet's Pizza
NONE: Jet's Pizza
NONE: Jim 'N Nick's Bar-B-Q
FOUND 5: Jimmy John's
FOUND 5: Jimmy John's
FOUND 5: Jimmy John's
FOUND 5: Jimmy John's
FOUND 5: Jimmy John's
FOUND 5: Jimmy John's
FOUND 5: Jimmy John's
FOUND 5: Jimmy John's
FOUND 5: Jimmy John's
NONE: Jimmy John's
NONE: Jin Jin
NONE: JJ's Red Hots
NONE: Jocks and Jills Sports Grill
SKIP (no html): Joe Mama's Pizza & Grill -> https://joemommasgrille.com/specials
SKIP (no html): Joe Mama's Pizza & Grill -> https://joemommasgrille.com/deals
SKIP (no html): Joe Mama's Pizza & Grill -> https://joemommasgrille.com/happy-hour
SKIP (no html): Joe Mama's Pizza & Grill -> https://joemommasgrille.com/happyhour
SKIP (no html): Joe Mama's Pizza & Grill -> https://joemommasgrille.com/menu
SKIP (no html): Joe Mama's Pizza & Grill -> https://joemommasgrille.com/menus
FOUND 3: Joe Mama's Pizza & Grill
NONE: John's Family Restaurant
NONE: Johnny Brusco's New York Style Pizza
NONE: Jose Cuervo Tequileria
NONE: Juke Box Diner
SKIP (no html): Julia's Café & Books -> https://www.juliascafe.org/specials
SKIP (no html): Julia's Café & Books -> https://www.juliascafe.org/deals
SKIP (no html): Julia's Café & Books -> https://www.juliascafe.org/happy-hour
SKIP (no html): Julia's Café & Books -> https://www.juliascafe.org/happyhour
SKIP (no html): Julia's Café & Books -> https://www.juliascafe.org/menu
SKIP (no html): Julia's Café & Books -> https://www.juliascafe.org/menus
NONE: Julia's Café & Books
NONE: Just Fresh
NONE: K&W Cafeteria
NONE: Kabob 2 go
NONE: Kabuto Japanese Steak House
NONE: Kabuto's
NONE: Kasper's Grill
FOUND 5: KFC
FOUND 5: KFC
FOUND 5: KFC
FOUND 5: KFC
NONE: KFC
FOUND 5: KFC
FOUND 5: KFC
FOUND 5: KFC
FOUND 5: KFC
NONE: Kickstand Burger Bar
NONE: Kid Cashew
NONE: Killer Coffee
NONE: King Crab
NONE: Koishi Restaurant & Sushi Bar
FOUND 5: Konnichiwa
NONE: Krispy Kreme
SKIP (no html): Krispy Kreme -> https://www.krispykreme.com/specials
SKIP (no html): Krispy Kreme -> https://www.krispykreme.com/happy-hour
SKIP (no html): Krispy Kreme -> https://www.krispykreme.com/happyhour
SKIP (no html): Krispy Kreme -> https://www.krispykreme.com/menus
NONE: Krispy Kreme
NONE: Krustaceans Seafood
NONE: Kung Fu Tea
NONE: Kung Pao Wok
NONE: La Autentica
NONE: La Capital MX
NONE: La Caseta
NONE: La Ceiba Bar and Grill
NONE: La Isla Tropical
NONE: la Madeleine Express
NONE: La Preferida
NONE: La Sa-Son
NONE: La Shish Kabob
NONE: La Unica
NONE: Labaratory
NONE: Lang Van
NONE: Le Kebab Mediterranean Grill
NONE: Lebowski's Neighborhood Grill
NONE: Lee's Hoagie House
NONE: Legion Brewing
NONE: Legion Brewing South Park
NONE: Legion Brewing West Morehead
NONE: Lenny Boy Brewing Co.
FOUND 5: Leroy Fox
NONE: Leroy Fox Southend
NONE: Let's Meat KBBQ
NONE: Libretto's Pizzaria
NONE: Lincoln Street Kitchen & Cocktails
NONE: Lincolns Haberdashery
NONE: Link & Pin
NONE: Link & Pin
NONE: Little Big Burger
NONE: Little Caesars
NONE: Little Caesars
NONE: Little Caesars
NONE: Little Caesars
NONE: Little Caesars
NONE: Little China Restaurant
NONE: Little Mama's Italian
NONE: LongHorn Steakhouse
NONE: LongHorn Steakhouse
NONE: Lorenzo's Pizza
NONE: Los Arcos
NONE: Los Arcos Mexican Restaurant
NONE: Los Pinos
NONE: Lost Worlds Brewing
NONE: Lower Left Brewing Co.
NONE: Lucky Lou's Tavern
NONE: Luisa's Brick Over Pizzeria
NONE: Luna's Living Kitchen
NONE: Lupies Cafe
NONE: Lupitas Carniceria y Tortilleria
NONE: Mac Tabby
NONE: Mac's Speed Shop
SKIP (no html): Mac's Speed Shop -> https://macspeedshop.com/specials
SKIP (no html): Mac's Speed Shop -> https://macspeedshop.com/deals
SKIP (no html): Mac's Speed Shop -> https://macspeedshop.com/happy-hour
SKIP (no html): Mac's Speed Shop -> https://macspeedshop.com/happyhour
SKIP (no html): Mac's Speed Shop -> https://macspeedshop.com/menu
FOUND 1: Mac's Speed Shop
NONE: Macado's
NONE: Mad Dash
NONE: Madison Perk Coffee Bar
NONE: Maggiano's Little Italy
NONE: Maharani Indian Cuisine
NONE: Malaya Kitchen Asian Fusion
NONE: Mama Gee's
NONE: Mama Ricotta's
NONE: Mama's Caribbean Grill
NONE: Manhattan Bagel
NONE: Mano Bella
NONE: Maple Street Biscuit Company
NONE: Marco's Pizza
NONE: Marco's Pizza
NONE: Maria's Grill
NONE: Marias Mexican Restaurant
NONE: Marina's Tapas
NONE: Masa Sushi
NONE: McAlister's Deli
NONE: McAlister's Deli
NONE: McAlister's Deli
NONE: McAlister's Deli
NONE: McCormick & Schmick's
NONE: McCormick & Schmick's
NONE: McDonald's
NONE: McDonald's
NONE: McDonald's
NONE: McDonald's
NONE: McDonald's
NONE: McDonald's
NONE: McDonald's
NONE: McDonald's
NONE: McDonald's
NONE: McDonald's
NONE: McDonald's
NONE: McDonald's
NONE: McDonald's
NONE: McDonald's
NONE: McDonald's
NONE: McDonald's
NONE: McDonald's
NONE: McDonald's
NONE: McDonald's
NONE: McDonald's
NONE: McDonald's
NONE: McDonald's
NONE: McDonald's
NONE: McDonald's
NONE: McDonald's
NONE: McDonald's
NONE: McDonald's
NONE: McDonald's
NONE: McDonald's
NONE: McDonald's
NONE: McDonald's
FOUND 5: McHale's Pub
NONE: McNinch House
NONE: Mellow Mushroom
NONE: Menya Noodle Counter
NONE: Merchant & Trade
NONE: Mert's Heart And Soul
NONE: Mezeh
NONE: Mezeh Mediterranean Grill
NONE: Mezeh Mediterranean Grill
NONE: Mezzanotte
FOUND 5: Mezzo Market
NONE: Mi Pais Tienda y Antojitos
NONE: Mi Pueblo Mexican Grill
NONE: Mi Pueblo Mexican Grill
SKIP (no html): Midnight Diner -> https://midnightdinercharlotte.com/specials
SKIP (no html): Midnight Diner -> https://midnightdinercharlotte.com/deals
SKIP (no html): Midnight Diner -> https://midnightdinercharlotte.com/happy-hour
SKIP (no html): Midnight Diner -> https://midnightdinercharlotte.com/happyhour
SKIP (no html): Midnight Diner -> https://midnightdinercharlotte.com/menu
SKIP (no html): Midnight Diner -> https://midnightdinercharlotte.com/menus
NONE: Midnight Diner
NONE: Midnight Mulligan Brewing
NONE: Midnight Society Cafe
NONE: Midtown Tavern
NONE: Midwood Country Club
NONE: Midwood Smokehouse
NONE: Midwood Smokehouse
NONE: Midwood Smokehouse
NONE: Miguel's
NONE: Milkbread
NONE: Milkbread
NONE: Mimosa Grill
NONE: Miró Spanish Grille
NONE: Mocco Bistro
FOUND 5: MOD Pizza
FOUND 5: MOD Pizza
FOUND 5: MOD Pizza
FOUND 5: MOD Pizza
FOUND 5: Moe's Southwest Grill
NONE: Moe's Southwest Grill
FOUND 5: Moe's Southwest Grill
NONE: Momo Station
NONE: Monday Night Brewing
NONE: Monterrey Mexican Restaurant
NONE: Monterrey Mexican Restaurant
NONE: Moo & Brew
NONE: Moosehead Grill
NONE: Morazan Restaurant
NONE: Morazon Restaurant
NONE: Mortimer's Cafe & Pub
NONE: Mr. G's
NONE: Mr. Tokyo Japanese Restaurant
NONE: MS Cafe
NONE: Mucha Mucha
NONE: Mugs
SKIP (no html): Muraya -> https://murayarestaurant.com/specials
SKIP (no html): Muraya -> https://murayarestaurant.com/deals
SKIP (no html): Muraya -> https://murayarestaurant.com/happy-hour
SKIP (no html): Muraya -> https://murayarestaurant.com/happyhour
SKIP (no html): Muraya -> https://murayarestaurant.com/menu
SKIP (no html): Muraya -> https://murayarestaurant.com/menus
FOUND 3: Muraya
NONE: Must Be Nice
NONE: My Bento Asian Diner
FOUND 5: Naf Naf Grill
NONE: Nakato Japanese Restaurant & Sushi Bar
NONE: Nana Morrison's Soul Food
NONE: Napa on Providence
NONE: NC Tavern
NONE: Nefelie's
NONE: Negril Social
NONE: Neighborhood Coffee Roasters
NONE: Nestle Toll House
NONE: New South Kitchen & Bar
NONE: Nickyo's Rodeo
NONE: Night Swim Coffee
NONE: Night Swim Coffee
NONE: Ninteys Ice Cream and Sandwiches
NONE: Noble Smoke
NONE: Noble Smoke
NONE: Noda 101
NONE: NoDa Bar
NONE: NoDa Brewing Company
NONE: NoDa Brewing Company
NONE: Noda Canteen
NONE: Noda Company Store
NONE: Noodles & Company
NONE: Noodles & Company
NONE: Nori Japan
FOUND 5: North Italia
NONE: North Italia
NONE: Not Just Coffee
NONE: Not Just Coffee
NONE: Not Just Coffee
NONE: Nothing but Noodles
NONE: Novant Health Cafeteria
NONE: Nubian Queens
NONE: Nuvolé Rooftop Twenty Two
NONE: O-Ku
NONE: O'Charley's
NONE: Ocha Time
NONE: OGGI Restaurante
NONE: Oh My Soul
NONE: Old Pineville Premium Pub
NONE: Olive Garden
NONE: Olive Garden
NONE: Omakase
NONE: OMG Donuts & Coffee
NONE: On The Border
NONE: One‐U Japanese Restaurant
NONE: Open Rice
NONE: Orient Express Chinese Food
NONE: Original Rum Bar and Grill
NONE: Osteria LuCa
NONE: Outback
NONE: Outback Steakhouse
NONE: P.F. Chang's
NONE: P.F. Chang's
SKIP (no html): Paco's Tacos & Tequila -> https://www.pacostacosandtequila.com/specials
SKIP (no html): Paco's Tacos & Tequila -> https://www.pacostacosandtequila.com/deals
SKIP (no html): Paco's Tacos & Tequila -> https://www.pacostacosandtequila.com/happy-hour
SKIP (no html): Paco's Tacos & Tequila -> https://www.pacostacosandtequila.com/happyhour
NONE: Paco's Tacos & Tequila
NONE: Painted Rooster
NONE: Palmer Street
NONE: Panda Express
NONE: Panda Express
NONE: Panera Bread
NONE: Panera Bread
NONE: Panera Bread
NONE: Panera Bread
NONE: Panera Bread
NONE: Panera Bread
NONE: Panera Bread
NONE: Panera Bread
NONE: Panera Bread
NONE: Panera Bread
NONE: Panera Bread
NONE: Panera Bread
NONE: Papa John's
FOUND 5: Papa John's
FOUND 5: Papa John's
FOUND 5: Papa John's
NONE: Papa John's
FOUND 5: Papa John's
NONE: Papa John's
FOUND 5: Papa John's
FOUND 5: Papa John's
FOUND 5: Papa John's
FOUND 5: Papa John's
NONE: Papa Luigi's
NONE: Papa Murphy's
NONE: Papi Queso
NONE: Papi Ricko
FOUND 5: PARA
NONE: Park Road Soda Shoppe
SKIP (no html): Passage to India Indian Cuisine -> http://www.passagetoindianc.com/
SKIP (no html): Passage to India Indian Cuisine -> http://www.passagetoindianc.com/specials
SKIP (no html): Passage to India Indian Cuisine -> http://www.passagetoindianc.com/deals
SKIP (no html): Passage to India Indian Cuisine -> http://www.passagetoindianc.com/happy-hour
SKIP (no html): Passage to India Indian Cuisine -> http://www.passagetoindianc.com/happyhour
SKIP (no html): Passage to India Indian Cuisine -> http://www.passagetoindianc.com/menu
SKIP (no html): Passage to India Indian Cuisine -> http://www.passagetoindianc.com/menus
NONE: Passage to India Indian Cuisine
NONE: Pasta & Provisions
NONE: Pasta & Provisions on Park
NONE: PDQ
NONE: Pei Wei
NONE: Pei Wei
NONE: Pei Wei Asian Express
NONE: Penn Station
NONE: Persis Biryani Indian Grill
NONE: Peru Asian
NONE: Petra's
NONE: Phillips Famous Seafood
NONE: Phipps Bistro
NONE: Phở @ NoDa
NONE: Phở Cali Thai
NONE: Pho Huong Que
NONE: Phở Ngon
NONE: Pho Noa
NONE: Piada Italian Street Food
NONE: Pie In The Sky Pizza
NONE: PIE.ZAA
NONE: Pilot Brewing
NONE: Pilot Brewing — Plaza Midwood
NONE: Pinhouse
NONE: Pinky's Westside Grill
NONE: Pins Mechanical
NONE: Pisces Sushi
NONE: Pisco
NONE: Pit Road Bar & Grill
NONE: Pizza Baby East
NONE: Pizza Baby West
FOUND 5: Pizza Hut
NONE: Pizza Hut
FOUND 5: Pizza Hut
FOUND 5: Pizza Hut
NONE: Pizza Hut
FOUND 5: Pizza Hut
FOUND 5: Pizza Hut
FOUND 5: Pizza Hut
FOUND 5: Pizza Hut
FOUND 5: Pizza Hut
NONE: Pizzeria Omaggio
SKIP (no html): Pizzeria Sapienza CLT -> https://sapienzaclt.com/specials
SKIP (no html): Pizzeria Sapienza CLT -> https://sapienzaclt.com/deals
SKIP (no html): Pizzeria Sapienza CLT -> https://sapienzaclt.com/happy-hour
SKIP (no html): Pizzeria Sapienza CLT -> https://sapienzaclt.com/happyhour
SKIP (no html): Pizzeria Sapienza CLT -> https://sapienzaclt.com/menu
SKIP (no html): Pizzeria Sapienza CLT -> https://sapienzaclt.com/menus
FOUND 2: Pizzeria Sapienza CLT
NONE: Planet Smoothie
NONE: Pollo Campero
NONE: Pollo Campero
NONE: Pollo Royal
NONE: Pop the Top - Craft Beer Shop
NONE: Popeyes
NONE: Popeyes
NONE: Popeyes
NONE: Poplar
NONE: Portofino Italian Restaurant
NONE: Portofino's
NONE: Potbelly
NONE: Primo Tuscan Grille
NONE: Prohibition
NONE: Pronto! Mercado
NONE: Protagonist Beer
NONE: Provided Coffee
SKIP (no html): Providence Road Sundries -> https://providenceroadsundries.com/specials
SKIP (no html): Providence Road Sundries -> https://providenceroadsundries.com/deals
SKIP (no html): Providence Road Sundries -> https://providenceroadsundries.com/happy-hour
SKIP (no html): Providence Road Sundries -> https://providenceroadsundries.com/happyhour
SKIP (no html): Providence Road Sundries -> https://providenceroadsundries.com/menu
SKIP (no html): Providence Road Sundries -> https://providenceroadsundries.com/menus
FOUND 4: Providence Road Sundries
NONE: Pub at Gateway
NONE: Puckett's Farm Equipment
FOUND 5: Puerta
NONE: Punta Cana Caribbean Restaurant & Grill
NONE: PUPUSA 503 Salvadoran Deli
NONE: PZA
NONE: Qahwah House
NONE: Qamaria Yemeni Coffee Co.
NONE: QC Pour House
SKIP (no html): Qdoba -> https://locations.qdoba.com/specials
SKIP (no html): Qdoba -> https://locations.qdoba.com/deals
SKIP (no html): Qdoba -> https://locations.qdoba.com/happy-hour
SKIP (no html): Qdoba -> https://locations.qdoba.com/happyhour
SKIP (no html): Qdoba -> https://locations.qdoba.com/menu
SKIP (no html): Qdoba -> https://locations.qdoba.com/menus
FOUND 3: Qdoba
SKIP (no html): Qdoba -> https://locations.qdoba.com/specials
SKIP (no html): Qdoba -> https://locations.qdoba.com/deals
SKIP (no html): Qdoba -> https://locations.qdoba.com/happy-hour
SKIP (no html): Qdoba -> https://locations.qdoba.com/happyhour
SKIP (no html): Qdoba -> https://locations.qdoba.com/menu
SKIP (no html): Qdoba -> https://locations.qdoba.com/menus
FOUND 3: Qdoba
SKIP (no html): Qdoba -> https://locations.qdoba.com/specials
SKIP (no html): Qdoba -> https://locations.qdoba.com/deals
SKIP (no html): Qdoba -> https://locations.qdoba.com/happy-hour
SKIP (no html): Qdoba -> https://locations.qdoba.com/happyhour
SKIP (no html): Qdoba -> https://locations.qdoba.com/menu
SKIP (no html): Qdoba -> https://locations.qdoba.com/menus
FOUND 3: Qdoba
SKIP (no html): Qdoba -> https://locations.qdoba.com/specials
SKIP (no html): Qdoba -> https://locations.qdoba.com/deals
SKIP (no html): Qdoba -> https://locations.qdoba.com/happy-hour
SKIP (no html): Qdoba -> https://locations.qdoba.com/happyhour
SKIP (no html): Qdoba -> https://locations.qdoba.com/menu
SKIP (no html): Qdoba -> https://locations.qdoba.com/menus
FOUND 3: Qdoba
NONE: QDOBA Mexican Eats
NONE: Que Fresa Taqueria
NONE: Que Onda
FOUND 5: Que Onda — Plaza Midwood
NONE: Queen City Bites & Crafts
NONE: Queen City Grounds
NONE: Queen Park Social
NONE: Rada
NONE: Red Bowl
NONE: Red Clay Ciderworks
NONE: Red Ginger
NONE: Red Robin
NONE: Red Robin
NONE: Red Robin
NONE: Red Star Lounge
NONE: Red@28th
NONE: RedEye Diner
NONE: Resident Culture
NONE: Resident Culture Brewing Company
NONE: Restaurant Constance
NONE: Rhino Market & Deli
NONE: Ri Ra
NONE: Ricko’s Churro Bar
NONE: Rico's Acai
NONE: Rita's at The Arbors
NONE: River Grill & Buffet
NONE: Rock Salt
NONE: Rockin' Rolls Sushi
NONE: Romani's Macaroni Grill
NONE: Room Service
NONE: Rooster's
NONE: Rooster's
NONE: Rooster's Wood-fired Kitchen
FOUND 5: Rosemont
FOUND 5: Rosie's Coffee & Wine Garden
NONE: Royal African Cuisine
SKIP (no html): Ru San's -> https://rusans.com/specials
SKIP (no html): Ru San's -> https://rusans.com/deals
SKIP (no html): Ru San's -> https://rusans.com/happy-hour
SKIP (no html): Ru San's -> https://rusans.com/happyhour
FOUND 5: Ru San's
NONE: Ruby Sunshine
NONE: Ruby Sunshine
NONE: Ruby Tuesday
NONE: RuRu's Tacos & Tequila
NONE: Ruth's Chris Steak House
NONE: Sabor
NONE: Sabor Latin Street Grill
NONE: Sabor Latin Street Grill
NONE: Sabor Latin Street Grill
NONE: Sabor Latin Street Grill
NONE: Sabor Latin Street Grill — NoDa
NONE: Saigon Night
NONE: Sal's Pizza Factory
NONE: Sal's Pizza Factory
SKIP (no html): Salata Salad Kitchen -> https://www.salata.com/specials
SKIP (no html): Salata Salad Kitchen -> https://www.salata.com/deals
SKIP (no html): Salata Salad Kitchen -> https://www.salata.com/happy-hour
SKIP (no html): Salata Salad Kitchen -> https://www.salata.com/happyhour
SKIP (no html): Salata Salad Kitchen -> https://www.salata.com/menus
NONE: Salata Salad Kitchen
NONE: Salsarita's
NONE: Salsarita's Fresh Cantina
NONE: Salsarita's Fresh Mexican Grill
NONE: Salty Parrot Brewing Company
NONE: Salud Cervezeria
NONE: Sambazon
NONE: Sanctuary
NONE: Sandwich Max
NONE: Sbarro
NONE: Schreiber's On Rye
NONE: Sea Grill Restaurant and Bar
NONE: Seaboard Brewing
NONE: Selwyn Pub
NONE: Sen Mee Noodle House
NONE: Sensi
NONE: Seoul Food Meat Co.
NONE: Seoul Food Meat Co. - Mill District
SKIP (no html): Seoul Poke Bowl -> https://seoulpokebowl.com/specials
SKIP (no html): Seoul Poke Bowl -> https://seoulpokebowl.com/deals
SKIP (no html): Seoul Poke Bowl -> https://seoulpokebowl.com/happy-hour
SKIP (no html): Seoul Poke Bowl -> https://seoulpokebowl.com/happyhour
SKIP (no html): Seoul Poke Bowl -> https://seoulpokebowl.com/menu
SKIP (no html): Seoul Poke Bowl -> https://seoulpokebowl.com/menus
FOUND 4: Seoul Poke Bowl
NONE: Shake Shack
NONE: Shake Shack
NONE: Shane's Rib Shack
NONE: Sharky's Grille
NONE: Shelton Hall
NONE: Shiki Japanese
NONE: Shoney's
NONE: Showmar's
NONE: Showmars
NONE: Showmars
NONE: Showmars
SKIP (no html): Showmars -> https://showmars.com/specials
SKIP (no html): Showmars -> https://showmars.com/deals
SKIP (no html): Showmars -> https://showmars.com/happy-hour
SKIP (no html): Showmars -> https://showmars.com/happyhour
SKIP (no html): Showmars -> https://showmars.com/menus
FOUND 2: Showmars
NONE: Showmars
NONE: Showmars
NONE: Showmars
NONE: Shun Lee Palace
NONE: Siam Garden Thai Restaurant
NONE: Sip
NONE: Sir Edmund Halley's
NONE: Sithara Cafe
NONE: Sixty Vines
NONE: Skrimp Shack
NONE: Skyland Family Restaurant
NONE: Slate Billiards
NONE: Slim Chickens
NONE: Small Bar
SKIP (no html): Smashburger -> https://smashburger.com/specials
FOUND 5: Smashburger
NONE: Smashburger
NONE: Smelly Cat Coffee House & Roastery
NONE: Smithfield's Chicken 'N Bar-B-Q
NONE: Smokey Joes Cafe
NONE: Smooth Monkey
NONE: Smoothie King
NONE: Smoothie King
NONE: Smoothie King
NONE: Snooze
NONE: Snug Harbor
NONE: Sonic
NONE: Soul Miner's Garden
NONE: Sours
NONE: South 21 Drive-In
NONE: South 21 Jr Family Restaurant
NONE: South 21 Restaurant (Brookshire)
NONE: SouthBound
FOUND 5: Southern Strain Brewing Company
NONE: Southern Tier Brewing Co
NONE: Spindle Bar
NONE: Spoons
NONE: Sports Page Food & Spirits
NONE: Sprinkle
NONE: Stable Hand
SKIP (no html): Starbucks -> https://www.starbucks.com/specials
SKIP (no html): Starbucks -> https://www.starbucks.com/deals
SKIP (no html): Starbucks -> https://www.starbucks.com/happy-hour
SKIP (no html): Starbucks -> https://www.starbucks.com/happyhour
SKIP (no html): Starbucks -> https://www.starbucks.com/menus
NONE: Starbucks
SKIP (no html): Starbucks -> https://www.starbucks.com/specials
SKIP (no html): Starbucks -> https://www.starbucks.com/deals
SKIP (no html): Starbucks -> https://www.starbucks.com/happy-hour
SKIP (no html): Starbucks -> https://www.starbucks.com/happyhour
SKIP (no html): Starbucks -> https://www.starbucks.com/menus
NONE: Starbucks
SKIP (no html): Starbucks -> https://www.starbucks.com/specials
SKIP (no html): Starbucks -> https://www.starbucks.com/deals
SKIP (no html): Starbucks -> https://www.starbucks.com/happy-hour
SKIP (no html): Starbucks -> https://www.starbucks.com/happyhour
SKIP (no html): Starbucks -> https://www.starbucks.com/menu
SKIP (no html): Starbucks -> https://www.starbucks.com/menus
NONE: Starbucks
SKIP (no html): Starbucks -> https://www.starbucks.com/store-locator/store/14533/harris-teeter-charlotte-45-10616-providence-road-charlotte-nc-28277-us
SKIP (no html): Starbucks -> https://www.starbucks.com/specials
SKIP (no html): Starbucks -> https://www.starbucks.com/deals
SKIP (no html): Starbucks -> https://www.starbucks.com/happy-hour
SKIP (no html): Starbucks -> https://www.starbucks.com/happyhour
SKIP (no html): Starbucks -> https://www.starbucks.com/menu
SKIP (no html): Starbucks -> https://www.starbucks.com/menus
NONE: Starbucks
SKIP (no html): Starbucks -> https://www.starbucks.com/store-locator/store/1019532/i-485-and-prosperity-church-5920-highland-shoppes-dr-charlotte-nc-28269-us
SKIP (no html): Starbucks -> https://www.starbucks.com/specials
SKIP (no html): Starbucks -> https://www.starbucks.com/deals
SKIP (no html): Starbucks -> https://www.starbucks.com/happy-hour
SKIP (no html): Starbucks -> https://www.starbucks.com/happyhour
SKIP (no html): Starbucks -> https://www.starbucks.com/menu
SKIP (no html): Starbucks -> https://www.starbucks.com/menus
NONE: Starbucks
SKIP (no html): Starbucks -> https://www.starbucks.com/store-locator/store/1018682/providence-road-and-golf-links-11510-waverly-center-dr-charlotte-nc-282774842-us
SKIP (no html): Starbucks -> https://www.starbucks.com/specials
SKIP (no html): Starbucks -> https://www.starbucks.com/deals
SKIP (no html): Starbucks -> https://www.starbucks.com/happy-hour
SKIP (no html): Starbucks -> https://www.starbucks.com/happyhour
SKIP (no html): Starbucks -> https://www.starbucks.com/menu
SKIP (no html): Starbucks -> https://www.starbucks.com/menus
NONE: Starbucks
SKIP (no html): Starbucks -> https://www.starbucks.com/store-locator/store/1018077/sharon-road-and-fairview-road-4805-sharon-road-charlotte-nc-282103329-us
SKIP (no html): Starbucks -> https://www.starbucks.com/specials
SKIP (no html): Starbucks -> https://www.starbucks.com/deals
SKIP (no html): Starbucks -> https://www.starbucks.com/happy-hour
SKIP (no html): Starbucks -> https://www.starbucks.com/happyhour
SKIP (no html): Starbucks -> https://www.starbucks.com/menu
SKIP (no html): Starbucks -> https://www.starbucks.com/menus
NONE: Starbucks
NONE: Starbucks
SKIP (no html): Starbucks -> https://www.starbucks.com/store-locator/store/1031892/university-city-w-t-harris-b-8420-university-city-blvd-100-charlotte-nc-2821335
SKIP (no html): Starbucks -> https://www.starbucks.com/specials
SKIP (no html): Starbucks -> https://www.starbucks.com/deals
SKIP (no html): Starbucks -> https://www.starbucks.com/happy-hour
SKIP (no html): Starbucks -> https://www.starbucks.com/happyhour
SKIP (no html): Starbucks -> https://www.starbucks.com/menu
SKIP (no html): Starbucks -> https://www.starbucks.com/menus
NONE: Starbucks
NONE: Starbucks
SKIP (no html): Starbucks -> https://www.starbucks.com/store-locator/store/8015/wt-harris-davis-lake-pkwy-8421-davis-lake-parkway-charlotte-nc-282693414-us
SKIP (no html): Starbucks -> https://www.starbucks.com/specials
SKIP (no html): Starbucks -> https://www.starbucks.com/deals
SKIP (no html): Starbucks -> https://www.starbucks.com/happy-hour
SKIP (no html): Starbucks -> https://www.starbucks.com/happyhour
SKIP (no html): Starbucks -> https://www.starbucks.com/menu
SKIP (no html): Starbucks -> https://www.starbucks.com/menus
NONE: Starbucks
SKIP (no html): Starbucks -> https://www.starbucks.com/store-locator/store/1024687/steele-creek-and-dixie-river-4820-berewick-towne-center-drive-charlotte-nc-2827
SKIP (no html): Starbucks -> https://www.starbucks.com/specials
SKIP (no html): Starbucks -> https://www.starbucks.com/deals
SKIP (no html): Starbucks -> https://www.starbucks.com/happy-hour
SKIP (no html): Starbucks -> https://www.starbucks.com/happyhour
SKIP (no html): Starbucks -> https://www.starbucks.com/menu
SKIP (no html): Starbucks -> https://www.starbucks.com/menus
NONE: Starbucks
NONE: Starbucks
NONE: Starbucks
SKIP (no html): Starbucks -> https://www.starbucks.com/store-locator/store/14412/park-towne-village-4425-park-road-100-charlotte-nc-282093402-us
SKIP (no html): Starbucks -> https://www.starbucks.com/specials
SKIP (no html): Starbucks -> https://www.starbucks.com/deals
SKIP (no html): Starbucks -> https://www.starbucks.com/happy-hour
SKIP (no html): Starbucks -> https://www.starbucks.com/happyhour
SKIP (no html): Starbucks -> https://www.starbucks.com/menu
SKIP (no html): Starbucks -> https://www.starbucks.com/menus
NONE: Starbucks
NONE: Starbucks
SKIP (no html): Starbucks -> https://www.starbucks.com/store-locator/store/18198/cotswold-village-shops-4450-randolph-rd-ste-100-charlotte-nc-282112388-us
SKIP (no html): Starbucks -> https://www.starbucks.com/specials
SKIP (no html): Starbucks -> https://www.starbucks.com/deals
SKIP (no html): Starbucks -> https://www.starbucks.com/happy-hour
SKIP (no html): Starbucks -> https://www.starbucks.com/happyhour
SKIP (no html): Starbucks -> https://www.starbucks.com/menu
SKIP (no html): Starbucks -> https://www.starbucks.com/menus
NONE: Starbucks
SKIP (no html): Starbucks -> https://www.starbucks.com/store-locator/store/1007552/clt-e-concourse-5501-josh-birmingham-pkwy-charlotte-nc-28208-us
SKIP (no html): Starbucks -> https://www.starbucks.com/specials
SKIP (no html): Starbucks -> https://www.starbucks.com/deals
SKIP (no html): Starbucks -> https://www.starbucks.com/happy-hour
SKIP (no html): Starbucks -> https://www.starbucks.com/happyhour
SKIP (no html): Starbucks -> https://www.starbucks.com/menu
SKIP (no html): Starbucks -> https://www.starbucks.com/menus
NONE: Starbucks
SKIP (no html): Starbucks -> https://www.starbucks.com/store-locator/store/91705/mallard-pointe-9335-north-tryon-street-104-charlotte-nc-282628457
SKIP (no html): Starbucks -> https://www.starbucks.com/specials
SKIP (no html): Starbucks -> https://www.starbucks.com/deals
SKIP (no html): Starbucks -> https://www.starbucks.com/happy-hour
SKIP (no html): Starbucks -> https://www.starbucks.com/happyhour
SKIP (no html): Starbucks -> https://www.starbucks.com/menu
SKIP (no html): Starbucks -> https://www.starbucks.com/menus
NONE: Starbucks
SKIP (no html): Starbucks -> https://www.starbucks.com/store-locator/store/9702/the-arbors-2121-east-arbors-drive-suite-110-charlotte-nc-2826
SKIP (no html): Starbucks -> https://www.starbucks.com/specials
SKIP (no html): Starbucks -> https://www.starbucks.com/deals
SKIP (no html): Starbucks -> https://www.starbucks.com/happy-hour
SKIP (no html): Starbucks -> https://www.starbucks.com/happyhour
SKIP (no html): Starbucks -> https://www.starbucks.com/menu
SKIP (no html): Starbucks -> https://www.starbucks.com/menus
NONE: Starbucks
SKIP (no html): Starbucks -> https://www.starbucks.com/store-locator/store/13153/clt-c-concourse-5502-josh-birmingham-parkway-charlotte-nc-28208574
SKIP (no html): Starbucks -> https://www.starbucks.com/specials
SKIP (no html): Starbucks -> https://www.starbucks.com/deals
SKIP (no html): Starbucks -> https://www.starbucks.com/happy-hour
SKIP (no html): Starbucks -> https://www.starbucks.com/happyhour
SKIP (no html): Starbucks -> https://www.starbucks.com/menu
SKIP (no html): Starbucks -> https://www.starbucks.com/menus
NONE: Starbucks
SKIP (no html): Starbucks -> https://www.starbucks.com/store-locator/store/15608/gateway-village-800-w-trade-st-ste-140-charlotte-nc-282021186-us
SKIP (no html): Starbucks -> https://www.starbucks.com/specials
SKIP (no html): Starbucks -> https://www.starbucks.com/deals
SKIP (no html): Starbucks -> https://www.starbucks.com/happy-hour
SKIP (no html): Starbucks -> https://www.starbucks.com/happyhour
SKIP (no html): Starbucks -> https://www.starbucks.com/menu
SKIP (no html): Starbucks -> https://www.starbucks.com/menus
NONE: Starbucks
SKIP (no html): Starbucks -> https://www.starbucks.com/store-locator/store/13894/whitehall-8951-a-south-tryon-street-charlotte-nc-282734229-u
SKIP (no html): Starbucks -> https://www.starbucks.com/specials
SKIP (no html): Starbucks -> https://www.starbucks.com/deals
SKIP (no html): Starbucks -> https://www.starbucks.com/happy-hour
SKIP (no html): Starbucks -> https://www.starbucks.com/happyhour
SKIP (no html): Starbucks -> https://www.starbucks.com/menu
SKIP (no html): Starbucks -> https://www.starbucks.com/menus
NONE: Starbucks
SKIP (no html): Starbucks -> https://www.starbucks.com/store-locator/store/7910/blakeney-9820-a-rea-road-charlotte-nc-282776681-us
SKIP (no html): Starbucks -> https://www.starbucks.com/specials
SKIP (no html): Starbucks -> https://www.starbucks.com/deals
SKIP (no html): Starbucks -> https://www.starbucks.com/happy-hour
SKIP (no html): Starbucks -> https://www.starbucks.com/happyhour
SKIP (no html): Starbucks -> https://www.starbucks.com/menu
SKIP (no html): Starbucks -> https://www.starbucks.com/menus
NONE: Starbucks
SKIP (no html): Starbucks -> https://www.starbucks.com/store-locator/store/8295/ballantyne-13855-conlan-circle-charlotte-nc-282773654-us
SKIP (no html): Starbucks -> https://www.starbucks.com/specials
SKIP (no html): Starbucks -> https://www.starbucks.com/deals
SKIP (no html): Starbucks -> https://www.starbucks.com/happy-hour
SKIP (no html): Starbucks -> https://www.starbucks.com/happyhour
SKIP (no html): Starbucks -> https://www.starbucks.com/menu
SKIP (no html): Starbucks -> https://www.starbucks.com/menus
NONE: Starbucks
SKIP (no html): Starbucks -> https://www.starbucks.com/store-locator/store/1019024/harris-teeter-charlotte-305-2717-south-blvd-charlotte-nc-28209-us
SKIP (no html): Starbucks -> https://www.starbucks.com/specials
SKIP (no html): Starbucks -> https://www.starbucks.com/deals
SKIP (no html): Starbucks -> https://www.starbucks.com/happy-hour
SKIP (no html): Starbucks -> https://www.starbucks.com/happyhour
SKIP (no html): Starbucks -> https://www.starbucks.com/menu
SKIP (no html): Starbucks -> https://www.starbucks.com/menus
NONE: Starbucks
SKIP (no html): Starbucks -> https://www.starbucks.com/store-locator/store/1014353/hwy-49-steelecroft-pkwy-13129-s-tryon-st-suite-100-charlotte-nc-282787915-
SKIP (no html): Starbucks -> https://www.starbucks.com/specials
SKIP (no html): Starbucks -> https://www.starbucks.com/deals
SKIP (no html): Starbucks -> https://www.starbucks.com/happy-hour
SKIP (no html): Starbucks -> https://www.starbucks.com/happyhour
SKIP (no html): Starbucks -> https://www.starbucks.com/menu
SKIP (no html): Starbucks -> https://www.starbucks.com/menus
NONE: Starbucks
SKIP (no html): Starbucks -> https://www.starbucks.com/store-locator/store/6799/piper-glen-6432-rea-road-charlotte-nc-282772528-us
SKIP (no html): Starbucks -> https://www.starbucks.com/specials
SKIP (no html): Starbucks -> https://www.starbucks.com/deals
SKIP (no html): Starbucks -> https://www.starbucks.com/happy-hour
SKIP (no html): Starbucks -> https://www.starbucks.com/happyhour
SKIP (no html): Starbucks -> https://www.starbucks.com/menu
SKIP (no html): Starbucks -> https://www.starbucks.com/menus
NONE: Starbucks
SKIP (no html): Starbucks -> https://www.starbucks.com/store-locator/store/8017/charlotte-convention-center-501-s-college-st-charlotte-nc-282021827-us
SKIP (no html): Starbucks -> https://www.starbucks.com/specials
SKIP (no html): Starbucks -> https://www.starbucks.com/deals
SKIP (no html): Starbucks -> https://www.starbucks.com/happy-hour
SKIP (no html): Starbucks -> https://www.starbucks.com/happyhour
SKIP (no html): Starbucks -> https://www.starbucks.com/menu
SKIP (no html): Starbucks -> https://www.starbucks.com/menus
NONE: Starbucks
SKIP (no html): Starbucks -> https://www.starbucks.com/store-locator/store/1021225/ikea-blvd-6925-university-city-blvd-400-charlotte-nc-2826275
SKIP (no html): Starbucks -> https://www.starbucks.com/specials
SKIP (no html): Starbucks -> https://www.starbucks.com/deals
SKIP (no html): Starbucks -> https://www.starbucks.com/happy-hour
SKIP (no html): Starbucks -> https://www.starbucks.com/happyhour
SKIP (no html): Starbucks -> https://www.starbucks.com/menu
SKIP (no html): Starbucks -> https://www.starbucks.com/menus
NONE: Starbucks
SKIP (no html): Starbucks -> https://www.starbucks.com/store-locator/store/1014545/carowinds-amusement-park-main-14523-carowinds-blvd-charlotte-nc-28273-us
SKIP (no html): Starbucks -> https://www.starbucks.com/specials
SKIP (no html): Starbucks -> https://www.starbucks.com/deals
SKIP (no html): Starbucks -> https://www.starbucks.com/happy-hour
SKIP (no html): Starbucks -> https://www.starbucks.com/happyhour
SKIP (no html): Starbucks -> https://www.starbucks.com/menu
SKIP (no html): Starbucks -> https://www.starbucks.com/menus
NONE: Starbucks
SKIP (no html): Starbucks -> https://www.starbucks.com/store-locator/store/1021837/clt-a-concourse-5501-rc-josh-birmingham-pkwy-charlotte-nc-28208-us
SKIP (no html): Starbucks -> https://www.starbucks.com/specials
SKIP (no html): Starbucks -> https://www.starbucks.com/deals
SKIP (no html): Starbucks -> https://www.starbucks.com/happy-hour
SKIP (no html): Starbucks -> https://www.starbucks.com/happyhour
SKIP (no html): Starbucks -> https://www.starbucks.com/menu
SKIP (no html): Starbucks -> https://www.starbucks.com/menus
NONE: Starbucks
SKIP (no html): Starbucks -> https://www.starbucks.com/store-locator/store/1005289/duke-energy-center-135-levine-avenue-of-the-arts-suite-140-charlotte-
SKIP (no html): Starbucks -> https://www.starbucks.com/specials
SKIP (no html): Starbucks -> https://www.starbucks.com/deals
SKIP (no html): Starbucks -> https://www.starbucks.com/happy-hour
SKIP (no html): Starbucks -> https://www.starbucks.com/happyhour
SKIP (no html): Starbucks -> https://www.starbucks.com/menu
SKIP (no html): Starbucks -> https://www.starbucks.com/menus
NONE: Starbucks
SKIP (no html): Starbucks -> https://www.starbucks.com/store-locator/store/11400/olde-towne-village-4100-carmel-road-suite-l-charlotte-nc-282266151-us
SKIP (no html): Starbucks -> https://www.starbucks.com/specials
SKIP (no html): Starbucks -> https://www.starbucks.com/deals
SKIP (no html): Starbucks -> https://www.starbucks.com/happy-hour
SKIP (no html): Starbucks -> https://www.starbucks.com/happyhour
SKIP (no html): Starbucks -> https://www.starbucks.com/menu
SKIP (no html): Starbucks -> https://www.starbucks.com/menus
NONE: Starbucks
SKIP (no html): Starbucks -> https://www.starbucks.com/store-locator/store/16069/7th-street-1961-east-7th-street-charlotte-nc-282042417-us
SKIP (no html): Starbucks -> https://www.starbucks.com/specials
SKIP (no html): Starbucks -> https://www.starbucks.com/deals
SKIP (no html): Starbucks -> https://www.starbucks.com/happy-hour
SKIP (no html): Starbucks -> https://www.starbucks.com/happyhour
SKIP (no html): Starbucks -> https://www.starbucks.com/menu
SKIP (no html): Starbucks -> https://www.starbucks.com/menus
NONE: Starbucks
SKIP (no html): Starbucks -> https://www.starbucks.com/store-locator/store/1026453/monroe-and-idlewild-4044-connection-point-boulevard-d-charlotte-nc-282
SKIP (no html): Starbucks -> https://www.starbucks.com/specials
SKIP (no html): Starbucks -> https://www.starbucks.com/deals
SKIP (no html): Starbucks -> https://www.starbucks.com/happy-hour
SKIP (no html): Starbucks -> https://www.starbucks.com/happyhour
SKIP (no html): Starbucks -> https://www.starbucks.com/menu
SKIP (no html): Starbucks -> https://www.starbucks.com/menus
NONE: Starbucks
SKIP (no html): Starbucks -> https://www.starbucks.com/store-locator/store/17711/east-blvd-1401-east-boulevard-charlotte-nc-282035817-us
SKIP (no html): Starbucks -> https://www.starbucks.com/specials
SKIP (no html): Starbucks -> https://www.starbucks.com/deals
SKIP (no html): Starbucks -> https://www.starbucks.com/happy-hour
SKIP (no html): Starbucks -> https://www.starbucks.com/happyhour
SKIP (no html): Starbucks -> https://www.starbucks.com/menu
SKIP (no html): Starbucks -> https://www.starbucks.com/menus
NONE: Starbucks
SKIP (no html): Starbucks -> https://www.starbucks.com/store-locator/store/14918/101-south-tryon-101-s-tryon-street-charlotte-nc-282800002-us
SKIP (no html): Starbucks -> https://www.starbucks.com/specials
SKIP (no html): Starbucks -> https://www.starbucks.com/deals
SKIP (no html): Starbucks -> https://www.starbucks.com/happy-hour
SKIP (no html): Starbucks -> https://www.starbucks.com/happyhour
SKIP (no html): Starbucks -> https://www.starbucks.com/menu
SKIP (no html): Starbucks -> https://www.starbucks.com/menus
NONE: Starbucks
SKIP (no html): Starbucks -> https://www.starbucks.com/store-locator/store/1027954/grand-bohemian-charlotte-201-west-trade-street-charlotte-nc-28202-us
SKIP (no html): Starbucks -> https://www.starbucks.com/specials
SKIP (no html): Starbucks -> https://www.starbucks.com/deals
SKIP (no html): Starbucks -> https://www.starbucks.com/happy-hour
SKIP (no html): Starbucks -> https://www.starbucks.com/happyhour
SKIP (no html): Starbucks -> https://www.starbucks.com/menu
SKIP (no html): Starbucks -> https://www.starbucks.com/menus
NONE: Starbucks
SKIP (no html): Starbucks -> https://www.starbucks.com/store-locator/store/1032780/i-77-tyvola-436-tyvola-road-charlotte-nc-282173560-us
SKIP (no html): Starbucks -> https://www.starbucks.com/specials
SKIP (no html): Starbucks -> https://www.starbucks.com/deals
SKIP (no html): Starbucks -> https://www.starbucks.com/happy-hour
SKIP (no html): Starbucks -> https://www.starbucks.com/happyhour
SKIP (no html): Starbucks -> https://www.starbucks.com/menu
SKIP (no html): Starbucks -> https://www.starbucks.com/menus
NONE: Starbucks
NONE: Starlight on 22nd
NONE: State of Confusion
NONE: Steak 'n Shake
NONE: Steak 'n Shake
NONE: Steele Creek Cafe
NONE: Stick Street
NONE: STIR
NONE: STK Charlotte
NONE: Stone Mountain Grill
NONE: Stuffed
NONE: Suarez Bakery
NONE: Subway
SKIP (no html): Subway -> https://restaurants.subway.com/specials
SKIP (no html): Subway -> https://restaurants.subway.com/deals
SKIP (no html): Subway -> https://restaurants.subway.com/happy-hour
SKIP (no html): Subway -> https://restaurants.subway.com/happyhour
SKIP (no html): Subway -> https://restaurants.subway.com/menu
SKIP (no html): Subway -> https://restaurants.subway.com/menus
FOUND 2: Subway
SKIP (no html): Subway -> https://restaurants.subway.com/specials
SKIP (no html): Subway -> https://restaurants.subway.com/deals
SKIP (no html): Subway -> https://restaurants.subway.com/happy-hour
SKIP (no html): Subway -> https://restaurants.subway.com/happyhour
SKIP (no html): Subway -> https://restaurants.subway.com/menu
SKIP (no html): Subway -> https://restaurants.subway.com/menus
FOUND 2: Subway
SKIP (no html): Subway -> https://restaurants.subway.com/united-states/nc/charlotte/108-c-s-sharon-amity-road
SKIP (no html): Subway -> https://restaurants.subway.com/specials
SKIP (no html): Subway -> https://restaurants.subway.com/deals
SKIP (no html): Subway -> https://restaurants.subway.com/happy-hour
SKIP (no html): Subway -> https://restaurants.subway.com/happyhour
SKIP (no html): Subway -> https://restaurants.subway.com/menu
SKIP (no html): Subway -> https://restaurants.subway.com/menus
NONE: Subway
SKIP (no html): Subway -> https://restaurants.subway.com/united-states/nc/charlotte/1125-charlotte-towne-avenue
SKIP (no html): Subway -> https://restaurants.subway.com/specials
SKIP (no html): Subway -> https://restaurants.subway.com/deals
SKIP (no html): Subway -> https://restaurants.subway.com/happy-hour
SKIP (no html): Subway -> https://restaurants.subway.com/happyhour
SKIP (no html): Subway -> https://restaurants.subway.com/menu
SKIP (no html): Subway -> https://restaurants.subway.com/menus
NONE: Subway
NONE: Subway
SKIP (no html): Subway -> https://restaurants.subway.com/specials
SKIP (no html): Subway -> https://restaurants.subway.com/deals
SKIP (no html): Subway -> https://restaurants.subway.com/happy-hour
SKIP (no html): Subway -> https://restaurants.subway.com/happyhour
SKIP (no html): Subway -> https://restaurants.subway.com/menu
SKIP (no html): Subway -> https://restaurants.subway.com/menus
FOUND 2: Subway
SKIP (no html): Subway -> https://restaurants.subway.com/specials
SKIP (no html): Subway -> https://restaurants.subway.com/deals
SKIP (no html): Subway -> https://restaurants.subway.com/happy-hour
SKIP (no html): Subway -> https://restaurants.subway.com/happyhour
SKIP (no html): Subway -> https://restaurants.subway.com/menu
SKIP (no html): Subway -> https://restaurants.subway.com/menus
FOUND 2: Subway
SKIP (no html): Subway -> https://restaurants.subway.com/specials
SKIP (no html): Subway -> https://restaurants.subway.com/deals
SKIP (no html): Subway -> https://restaurants.subway.com/happy-hour
SKIP (no html): Subway -> https://restaurants.subway.com/happyhour
SKIP (no html): Subway -> https://restaurants.subway.com/menu
SKIP (no html): Subway -> https://restaurants.subway.com/menus
FOUND 2: Subway
SKIP (no html): Subway -> https://restaurants.subway.com/specials
SKIP (no html): Subway -> https://restaurants.subway.com/deals
SKIP (no html): Subway -> https://restaurants.subway.com/happy-hour
SKIP (no html): Subway -> https://restaurants.subway.com/happyhour
SKIP (no html): Subway -> https://restaurants.subway.com/menu
SKIP (no html): Subway -> https://restaurants.subway.com/menus
FOUND 2: Subway
SKIP (no html): Subway -> https://restaurants.subway.com/united-states/nc/charlotte/8552-university-city-blvd
SKIP (no html): Subway -> https://restaurants.subway.com/specials
SKIP (no html): Subway -> https://restaurants.subway.com/deals
SKIP (no html): Subway -> https://restaurants.subway.com/happy-hour
SKIP (no html): Subway -> https://restaurants.subway.com/happyhour
SKIP (no html): Subway -> https://restaurants.subway.com/menu
SKIP (no html): Subway -> https://restaurants.subway.com/menus
NONE: Subway
SKIP (no html): Subway -> https://restaurants.subway.com/specials
SKIP (no html): Subway -> https://restaurants.subway.com/deals
SKIP (no html): Subway -> https://restaurants.subway.com/happy-hour
SKIP (no html): Subway -> https://restaurants.subway.com/happyhour
SKIP (no html): Subway -> https://restaurants.subway.com/menu
SKIP (no html): Subway -> https://restaurants.subway.com/menus
FOUND 2: Subway
SKIP (no html): Subway -> https://restaurants.subway.com/specials
SKIP (no html): Subway -> https://restaurants.subway.com/deals
SKIP (no html): Subway -> https://restaurants.subway.com/happy-hour
SKIP (no html): Subway -> https://restaurants.subway.com/happyhour
SKIP (no html): Subway -> https://restaurants.subway.com/menu
SKIP (no html): Subway -> https://restaurants.subway.com/menus
FOUND 2: Subway
SKIP (no html): Subway -> https://restaurants.subway.com/specials
SKIP (no html): Subway -> https://restaurants.subway.com/deals
SKIP (no html): Subway -> https://restaurants.subway.com/happy-hour
SKIP (no html): Subway -> https://restaurants.subway.com/happyhour
SKIP (no html): Subway -> https://restaurants.subway.com/menu
SKIP (no html): Subway -> https://restaurants.subway.com/menus
FOUND 2: Subway
SKIP (no html): Subway -> https://restaurants.subway.com/specials
SKIP (no html): Subway -> https://restaurants.subway.com/deals
SKIP (no html): Subway -> https://restaurants.subway.com/happy-hour
SKIP (no html): Subway -> https://restaurants.subway.com/happyhour
SKIP (no html): Subway -> https://restaurants.subway.com/menu
SKIP (no html): Subway -> https://restaurants.subway.com/menus
FOUND 2: Subway
SKIP (no html): Subway -> https://restaurants.subway.com/specials
SKIP (no html): Subway -> https://restaurants.subway.com/deals
SKIP (no html): Subway -> https://restaurants.subway.com/happy-hour
SKIP (no html): Subway -> https://restaurants.subway.com/happyhour
SKIP (no html): Subway -> https://restaurants.subway.com/menu
SKIP (no html): Subway -> https://restaurants.subway.com/menus
FOUND 2: Subway
SKIP (no html): Subway -> https://restaurants.subway.com/specials
SKIP (no html): Subway -> https://restaurants.subway.com/deals
SKIP (no html): Subway -> https://restaurants.subway.com/happy-hour
SKIP (no html): Subway -> https://restaurants.subway.com/happyhour
SKIP (no html): Subway -> https://restaurants.subway.com/menu
SKIP (no html): Subway -> https://restaurants.subway.com/menus
FOUND 2: Subway
SKIP (no html): Subway -> https://restaurants.subway.com/specials
SKIP (no html): Subway -> https://restaurants.subway.com/deals
SKIP (no html): Subway -> https://restaurants.subway.com/happy-hour
SKIP (no html): Subway -> https://restaurants.subway.com/happyhour
SKIP (no html): Subway -> https://restaurants.subway.com/menu
SKIP (no html): Subway -> https://restaurants.subway.com/menus
FOUND 2: Subway
SKIP (no html): Subway -> https://restaurants.subway.com/specials
SKIP (no html): Subway -> https://restaurants.subway.com/deals
SKIP (no html): Subway -> https://restaurants.subway.com/happy-hour
SKIP (no html): Subway -> https://restaurants.subway.com/happyhour
SKIP (no html): Subway -> https://restaurants.subway.com/menu
SKIP (no html): Subway -> https://restaurants.subway.com/menus
FOUND 2: Subway
SKIP (no html): Subway -> https://restaurants.subway.com/specials
SKIP (no html): Subway -> https://restaurants.subway.com/deals
SKIP (no html): Subway -> https://restaurants.subway.com/happy-hour
SKIP (no html): Subway -> https://restaurants.subway.com/happyhour
SKIP (no html): Subway -> https://restaurants.subway.com/menu
SKIP (no html): Subway -> https://restaurants.subway.com/menus
FOUND 2: Subway
NONE: Suffolk Punch
SKIP (no html): Suffolk Punch Brewing -> https://suffolkpunchbrewing.com/specials
SKIP (no html): Suffolk Punch Brewing -> https://suffolkpunchbrewing.com/deals
SKIP (no html): Suffolk Punch Brewing -> https://suffolkpunchbrewing.com/happy-hour
SKIP (no html): Suffolk Punch Brewing -> https://suffolkpunchbrewing.com/happyhour
SKIP (no html): Suffolk Punch Brewing -> https://suffolkpunchbrewing.com/menu
SKIP (no html): Suffolk Punch Brewing -> https://suffolkpunchbrewing.com/menus
NONE: Suffolk Punch Brewing
NONE: Sugar Creek Brewing Co
NONE: Sullivan's Steak House
NONE: Summit Coffee
NONE: Summit Coffee
NONE: Sun's Kitchen
NONE: Sun's Kitchen 老孫家
NONE: Sunrise
NONE: Sunrise Restaurant
NONE: Superica
SKIP (no html): Supperclub -> https://gotosupperclub.com/specials
SKIP (no html): Supperclub -> https://gotosupperclub.com/deals
SKIP (no html): Supperclub -> https://gotosupperclub.com/happy-hour
SKIP (no html): Supperclub -> https://gotosupperclub.com/happyhour
SKIP (no html): Supperclub -> https://gotosupperclub.com/menu
FOUND 5: Supperclub
NONE: Supperland
NONE: Surefire Grill
NONE: Sushi 101
NONE: Sushi Hana
NONE: Sushi Queen
NONE: Sushiya Japan
NONE: Sut's Barrel House
NONE: Sweet Crunch
NONE: Sweet Lew's BBQ
NONE: Sweetgreen
NONE: Sycamore Brewing
NONE: Sycamore Brewing
NONE: Taco Adventure Company
NONE: Taco Bell
FOUND 5: Taco Bell
NONE: Taco Bell
FOUND 5: Taco Bell
FOUND 5: Taco Bell
FOUND 5: Taco Bell
FOUND 5: Taco Bell
FOUND 5: Taco Bell
FOUND 5: Taco Bell
FOUND 5: Taco Bell
FOUND 5: Taco Bell
FOUND 5: Taco Bell
FOUND 5: Taco Bell
SKIP (no html): Taco Bell -> https://locations.tacobell.com/nc/charlotte/6424-albemarle-rd.html
SKIP (no html): Taco Bell -> https://locations.tacobell.com/specials
SKIP (no html): Taco Bell -> https://locations.tacobell.com/deals
SKIP (no html): Taco Bell -> https://locations.tacobell.com/happy-hour
SKIP (no html): Taco Bell -> https://locations.tacobell.com/happyhour
SKIP (no html): Taco Bell -> https://locations.tacobell.com/menu
SKIP (no html): Taco Bell -> https://locations.tacobell.com/menus
NONE: Taco Bell
FOUND 5: Taco Bell
NONE: Taco Boy
NONE: Taco Mac
NONE: Taco Mama
NONE: Tacos & Mas
SKIP (no html): Tacos 4 Life -> https://www.tacos4life.com/specials
SKIP (no html): Tacos 4 Life -> https://www.tacos4life.com/deals
SKIP (no html): Tacos 4 Life -> https://www.tacos4life.com/happy-hour
SKIP (no html): Tacos 4 Life -> https://www.tacos4life.com/happyhour
SKIP (no html): Tacos 4 Life -> https://www.tacos4life.com/menus
NONE: Tacos 4 Life
NONE: Tacos 4 Life
NONE: Tacos El Nevado
NONE: Tacos Y Mas
NONE: Taipei Express
NONE: Tandur Indian Kitchen
NONE: Taqueria Express
NONE: Taqueria Medina
NONE: Taste Cafe and Lounge
NONE: Tavern on the Park
NONE: Tavern On The Tracks
NONE: Taziki's Mediterranean Cafe
NONE: Tea Fusion Cafe
NONE: Ted's Montana Grill
NONE: Ten Seconds
NONE: Tequileria Pronto
NONE: Teriyaki Express II
NONE: Teriyaki Madness
FOUND 5: TGI Friday's
FOUND 5: TGI Fridays
FOUND 5: TGI Fridays
NONE: Thaï Express
NONE: Thai House
NONE: Thai Taste
NONE: Thanh Huong
NONE: The Asbury
NONE: The Bar at 316
NONE: The Beak
NONE: The Bella Ciao
NONE: The Bevery
NONE: The Blind Pig
NONE: The Bohemian
NONE: The Brickyard
NONE: The Chamber by Wooden Robot
NONE: The Cheesecake Factory
NONE: The Club CLT
NONE: The Conspiracy
NONE: The Crazy Horse
NONE: The Crown
FOUND 5: The Crunkleton
NONE: The Crust Pizza
NONE: The Daily
NONE: The Degenerate
NONE: The Dumpling Lady
NONE: The Eagle — South End
NONE: The Exchange
NONE: The Fairwood 226
NONE: The Fig Tree Restaurant
NONE: The Flying Saucer
NONE: The Giddy Goat Coffee Roasters
NONE: The Gin Mill
NONE: The Goodyear House
NONE: The Great American Bagel Bakery
NONE: The Halal Guys
NONE: The Hobbyist
NONE: The Improper Pig
NONE: The Jimmy
SKIP (no html): The Kilted Buffalo -> https://kiltedbuffaloplazamidwood.com/specials
SKIP (no html): The Kilted Buffalo -> https://kiltedbuffaloplazamidwood.com/deals
SKIP (no html): The Kilted Buffalo -> https://kiltedbuffaloplazamidwood.com/happy-hour
SKIP (no html): The Kilted Buffalo -> https://kiltedbuffaloplazamidwood.com/happyhour
SKIP (no html): The Kilted Buffalo -> https://kiltedbuffaloplazamidwood.com/menu
SKIP (no html): The Kilted Buffalo -> https://kiltedbuffaloplazamidwood.com/menus
NONE: The Kilted Buffalo
NONE: The King’s Kitchen
NONE: The Lights Cafe
NONE: The Local
NONE: The Mad Greek
NONE: The Market at the Summerhouse
NONE: The Melting Pot
FOUND 5: The Music Yard
NONE: The Olde Mecklenburg Brewery
NONE: The Olde Mecklenburg Brewery
NONE: The Olde Mecklenburg Brewery & Biergarten
NONE: The Olive Tap
NONE: The Original Pancake House
NONE: The Original Pancake House
NONE: The Palace
NONE: The Palm
NONE: The Peace Pipe
NONE: The Penguin
FOUND 5: The People's Market - Elizabeth
FOUND 5: The People's Market - Selwyn
NONE: The Pizza Peel
NONE: The Porter's House
SKIP (no html): The Public House -> https://thepublichouseclt.com/specials
SKIP (no html): The Public House -> https://thepublichouseclt.com/deals
SKIP (no html): The Public House -> https://thepublichouseclt.com/happy-hour
SKIP (no html): The Public House -> https://thepublichouseclt.com/happyhour
SKIP (no html): The Public House -> https://thepublichouseclt.com/menu
SKIP (no html): The Public House -> https://thepublichouseclt.com/menus
FOUND 3: The Public House
NONE: The Randazzo's Grid Iron
NONE: The Rare Butcher
NONE: The Roasting Company
NONE: The Rose Honky Tonk
NONE: The Rusty Bucket
NONE: The Rusty Onion
SKIP (no html): The Salty Donut -> https://www.saltydonut.com/specials
SKIP (no html): The Salty Donut -> https://www.saltydonut.com/deals
SKIP (no html): The Salty Donut -> https://www.saltydonut.com/happy-hour
SKIP (no html): The Salty Donut -> https://www.saltydonut.com/happyhour
SKIP (no html): The Salty Donut -> https://www.saltydonut.com/menus
NONE: The Salty Donut
NONE: The Sandwich Shop
NONE: The Steak n' Hoagie Shop
NONE: The Summerhouse
NONE: The Trap Bar & Billiards
NONE: The Village
NONE: The Wafflery
NONE: The Waterman
FOUND 5: The Wine Loft
NONE: The Yard Milkshake Bar
NONE: Thien Phu
NONE: Thirsty Beaver
NONE: Thomas Street Tavern
NONE: Thousand Hills Coffee
NONE: Tikka Shack
NONE: Tilt on Trade
NONE: Tintin Cafe
NONE: Tipsy Burro
NONE: Tipsy Pickle
NONE: Tony's Pizza
NONE: Tony's Pizza
NONE: Top's China
NONE: Toppers Pizza
NONE: Tora Sushi
NONE: Town Brewing Co
NONE: Toyama Express
NONE: Tremont
NONE: Tres Pesos Bar & Grill
NONE: Trio Nightclub
NONE: Triple C Brewing Company
NONE: Trolley Barn Fermentory & Food Hall
NONE: Tropical Smoothie
NONE: Tropical Smoothie Cafe
NONE: Tropical Smoothie Cafe
NONE: Tsaôcaa
NONE: Tsuki
NONE: Two Buck Saloon
NONE: Tyber Creek
NONE: U.S. Fried Chicken
NONE: UDON
NONE: Umai Sushi & Asian Bistro
NONE: Umi of Japan
NONE: Uncle Maddio’s
NONE: Uncle Maddio's Pizza
NONE: Undercurrent Coffee
NONE: Undercurrent Coffee
NONE: Uptown Bar & Lounge
NONE: Vacant Restaurant
NONE: Valhalla Pub & Eatery
NONE: VANA
NONE: Vaulted Oak Brewing
NONE: Veltree Vegan Restaurant
NONE: Velvet Taco
NONE: Vicious Biscuit Charlotte
NONE: Vietnam Grill
NONE: Villa Antonio Italian Restaurant
NONE: Village Juice
NONE: Villani's Bakery
NONE: VINYL
NONE: VisArt Cafe
NONE: Vitality Bowls
NONE: Viva Chicken
NONE: Viva Chicken
NONE: Waffle House
FOUND 5: Waffle House
FOUND 5: Waffle House
FOUND 5: Waffle House
FOUND 5: Waffle House
FOUND 5: Waffle House
NONE: Wang & King Asian Cafe
NONE: Waterbean Coffee
NONE: Waterbean Coffee
NONE: Waterbean Coffee
NONE: Waterbean Coffee
NONE: Weathered Souls
FOUND 5: Wendy's
FOUND 5: Wendy's
FOUND 5: Wendy's
NONE: Wendy's
FOUND 5: Wendy's
FOUND 5: Wendy's
NONE: Wendy's
FOUND 5: Wendy's
FOUND 5: Wendy's
FOUND 5: Wendy's
SKIP (no html): Wendy's -> https://locations.wendys.com/united-states/nc/charlotte/7920-cambridge-commons-drive
SKIP (no html): Wendy's -> https://locations.wendys.com/specials
SKIP (no html): Wendy's -> https://locations.wendys.com/deals
SKIP (no html): Wendy's -> https://locations.wendys.com/happy-hour
SKIP (no html): Wendy's -> https://locations.wendys.com/happyhour
SKIP (no html): Wendy's -> https://locations.wendys.com/menu
SKIP (no html): Wendy's -> https://locations.wendys.com/menus
NONE: Wendy's
FOUND 5: Wendy's
FOUND 5: Wendy's
FOUND 5: Wendy's
FOUND 5: Wendy's
FOUND 5: Wendy's
FOUND 5: Wendy's
FOUND 5: Wendy's
FOUND 5: Wendy's
FOUND 5: Wendy's
SKIP (no html): Wendy's -> https://locations.wendys.com/united-states/nc/charlotte/6555-carnegie-blvd
SKIP (no html): Wendy's -> https://locations.wendys.com/specials
SKIP (no html): Wendy's -> https://locations.wendys.com/deals
SKIP (no html): Wendy's -> https://locations.wendys.com/happy-hour
SKIP (no html): Wendy's -> https://locations.wendys.com/happyhour
SKIP (no html): Wendy's -> https://locations.wendys.com/menu
SKIP (no html): Wendy's -> https://locations.wendys.com/menus
NONE: Wendy's
SKIP (no html): Wheelz Pizza -> https://wheelzpizza.com/specials
SKIP (no html): Wheelz Pizza -> https://wheelzpizza.com/deals
SKIP (no html): Wheelz Pizza -> https://wheelzpizza.com/happy-hour
SKIP (no html): Wheelz Pizza -> https://wheelzpizza.com/happyhour
SKIP (no html): Wheelz Pizza -> https://wheelzpizza.com/menu
NONE: Wheelz Pizza
NONE: Which Wich?
NONE: Which Wich?
NONE: Whiskey River
NONE: Whiskey Warehouse
NONE: Wicked Weed Brewing
NONE: Wild Wing Cafe
FOUND 5: Wing King Cafe
NONE: Wingstop
NONE: Wingstop
NONE: Wingstop
NONE: Wingstop
NONE: Wolfgang Puck Pizza Bar
NONE: Wolfman Pizza
NONE: Wooden Robot
NONE: Woodshed Lounge
NONE: Workman's Friend
NONE: Wow Bao
NONE: Yafo Kitchen
NONE: YAFO Kitchen
NONE: Yakiko Hibachi Grill
NONE: Yama
NONE: YAMA
NONE: Yama Izakaya
NONE: Yamazaru Sushi & Sake
NONE: Yassou Greek
NONE: Yummy Crab
NONE: Yunta
NONE: Zämbies Pizza
NONE: Zanzibar Cafe
SKIP (no html): Zapata's Cantina Mexican Restaurant -> https://www.zapatasrestaurant.com/specials
SKIP (no html): Zapata's Cantina Mexican Restaurant -> https://www.zapatasrestaurant.com/deals
SKIP (no html): Zapata's Cantina Mexican Restaurant -> https://www.zapatasrestaurant.com/happy-hour
SKIP (no html): Zapata's Cantina Mexican Restaurant -> https://www.zapatasrestaurant.com/happyhour
SKIP (no html): Zapata's Cantina Mexican Restaurant -> https://www.zapatasrestaurant.com/menu
SKIP (no html): Zapata's Cantina Mexican Restaurant -> https://www.zapatasrestaurant.com/menus
NONE: Zapata's Cantina Mexican Restaurant
NONE: Zapata's Mexican Restaurant
NONE: Zaxby's
NONE: Zaxby's
NONE: Zaxby's
NONE: Zaxby's
NONE: Zaxby's
NONE: Zaxby's
NONE: Zeitouni Mediterranean Grill
NONE: Zukku Sushi
